[    0.000000] Linux version 4.15.0-194-generic (buildd@lcy02-amd64-052) (gcc version 7.5.0 (Ubuntu 7.5.0-3ubuntu1~18.04)) #205-Ubuntu SMP Fri Sep 16 19:49:27 UTC 2022 (Ubuntu 4.15.0-194.205-generic 4.15.18)
[    0.000000] Command line: BOOT_IMAGE=/boot/vmlinuz-4.15.0-194-generic root=LABEL=cloudimg-rootfs ro console=tty1 console=ttyS0
[    0.000000] KERNEL supported cpus:
[    0.000000]   Intel GenuineIntel
[    0.000000]   AMD AuthenticAMD
[    0.000000]   Centaur CentaurHauls
[    0.000000] x86/fpu: Supporting XSAVE feature 0x001: 'x87 floating point registers'
[    0.000000] x86/fpu: Supporting XSAVE feature 0x002: 'SSE registers'
[    0.000000] x86/fpu: Supporting XSAVE feature 0x004: 'AVX registers'
[    0.000000] x86/fpu: xstate_offset[2]:  576, xstate_sizes[2]:  256
[    0.000000] x86/fpu: Enabled xstate features 0x7, context size is 832 bytes, using 'standard' format.
[    0.000000] e820: BIOS-provided physical RAM map:
[    0.000000] BIOS-e820: [mem 0x0000000000000000-0x000000000009fbff] usable
[    0.000000] BIOS-e820: [mem 0x000000000009fc00-0x000000000009ffff] reserved
[    0.000000] BIOS-e820: [mem 0x00000000000f0000-0x00000000000fffff] reserved
[    0.000000] BIOS-e820: [mem 0x0000000000100000-0x000000003ffeffff] usable
[    0.000000] BIOS-e820: [mem 0x000000003fff0000-0x000000003fffffff] ACPI data
[    0.000000] BIOS-e820: [mem 0x00000000fec00000-0x00000000fec00fff] reserved
[    0.000000] BIOS-e820: [mem 0x00000000fee00000-0x00000000fee00fff] reserved
[    0.000000] BIOS-e820: [mem 0x00000000fffc0000-0x00000000ffffffff] reserved
[    0.000000] NX (Execute Disable) protection: active
[    0.000000] SMBIOS 2.5 present.
[    0.000000] DMI: innotek GmbH VirtualBox/VirtualBox, BIOS VirtualBox 12/01/2006
[    0.000000] Hypervisor detected: KVM
[    0.000000] e820: last_pfn = 0x3fff0 max_arch_pfn = 0x400000000
[    0.000000] MTRR: Disabled
[    0.000000] x86/PAT: MTRRs disabled, skipping PAT initialization too.
[    0.000000] CPU MTRRs all blank - virtualized system.
[    0.000000] x86/PAT: Configuration [0-7]: WB  WT  UC- UC  WB  WT  UC- UC  
[    0.000000] found SMP MP-table at [mem 0x0009fff0-0x0009ffff]
[    0.000000] Scanning 1 areas for low memory corruption
[    0.000000] RAMDISK: [mem 0x359c9000-0x36cdbfff]
[    0.000000] ACPI: Early table checksum verification disabled
[    0.000000] ACPI: RSDP 0x00000000000E0000 000024 (v02 VBOX  )
[    0.000000] ACPI: XSDT 0x000000003FFF0030 00003C (v01 VBOX   VBOXXSDT 00000001 ASL  00000061)
[    0.000000] ACPI: FACP 0x000000003FFF00F0 0000F4 (v04 VBOX   VBOXFACP 00000001 ASL  00000061)
[    0.000000] ACPI: DSDT 0x000000003FFF0470 002325 (v02 VBOX   VBOXBIOS 00000002 INTL 20120111)
[    0.000000] ACPI: FACS 0x000000003FFF0200 000040
[    0.000000] ACPI: FACS 0x000000003FFF0200 000040
[    0.000000] ACPI: APIC 0x000000003FFF0240 000054 (v02 VBOX   VBOXAPIC 00000001 ASL  00000061)
[    0.000000] ACPI: SSDT 0x000000003FFF02A0 0001CC (v01 VBOX   VBOXCPUT 00000002 INTL 20120111)
[    0.000000] ACPI: Reserving FACP table memory at [mem 0x3fff00f0-0x3fff01e3]
[    0.000000] ACPI: Reserving DSDT table memory at [mem 0x3fff0470-0x3fff2794]
[    0.000000] ACPI: Reserving FACS table memory at [mem 0x3fff0200-0x3fff023f]
[    0.000000] ACPI: Reserving FACS table memory at [mem 0x3fff0200-0x3fff023f]
[    0.000000] ACPI: Reserving APIC table memory at [mem 0x3fff0240-0x3fff0293]
[    0.000000] ACPI: Reserving SSDT table memory at [mem 0x3fff02a0-0x3fff046b]
[    0.000000] No NUMA configuration found
[    0.000000] Faking a node at [mem 0x0000000000000000-0x000000003ffeffff]
[    0.000000] NODE_DATA(0) allocated [mem 0x3ffc5000-0x3ffeffff]
[    0.000000] kvm-clock: cpu 0, msr 0:3ff44001, primary cpu clock
[    0.000000] kvm-clock: Using msrs 4b564d01 and 4b564d00
[    0.000000] kvm-clock: using sched offset of 3785786727 cycles
[    0.000000] clocksource: kvm-clock: mask: 0xffffffffffffffff max_cycles: 0x1cd42e4dffb, max_idle_ns: 881590591483 ns
[    0.000000] Zone ranges:
[    0.000000]   DMA      [mem 0x0000000000001000-0x0000000000ffffff]
[    0.000000]   DMA32    [mem 0x0000000001000000-0x000000003ffeffff]
[    0.000000]   Normal   empty
[    0.000000]   Device   empty
[    0.000000] Movable zone start for each node
[    0.000000] Early memory node ranges
[    0.000000]   node   0: [mem 0x0000000000001000-0x000000000009efff]
[    0.000000]   node   0: [mem 0x0000000000100000-0x000000003ffeffff]
[    0.000000] Reserved but unavailable: 104 pages
[    0.000000] Initmem setup node 0 [mem 0x0000000000001000-0x000000003ffeffff]
[    0.000000] ACPI: PM-Timer IO Port: 0x4008
[    0.000000] IOAPIC[0]: apic_id 1, version 32, address 0xfec00000, GSI 0-23
[    0.000000] ACPI: INT_SRC_OVR (bus 0 bus_irq 0 global_irq 2 dfl dfl)
[    0.000000] ACPI: INT_SRC_OVR (bus 0 bus_irq 9 global_irq 9 low level)
[    0.000000] Using ACPI (MADT) for SMP configuration information
[    0.000000] smpboot: Allowing 1 CPUs, 0 hotplug CPUs
[    0.000000] PM: Registered nosave memory: [mem 0x00000000-0x00000fff]
[    0.000000] PM: Registered nosave memory: [mem 0x0009f000-0x0009ffff]
[    0.000000] PM: Registered nosave memory: [mem 0x000a0000-0x000effff]
[    0.000000] PM: Registered nosave memory: [mem 0x000f0000-0x000fffff]
[    0.000000] e820: [mem 0x40000000-0xfebfffff] available for PCI devices
[    0.000000] Booting paravirtualized kernel on KVM
[    0.000000] clocksource: refined-jiffies: mask: 0xffffffff max_cycles: 0xffffffff, max_idle_ns: 7645519600211568 ns
[    0.000000] setup_percpu: NR_CPUS:8192 nr_cpumask_bits:1 nr_cpu_ids:1 nr_node_ids:1
[    0.000000] percpu: Embedded 50 pages/cpu s167936 r8192 d28672 u2097152
[    0.000000] PV qspinlock hash table entries: 256 (order: 0, 4096 bytes)
[    0.000000] Built 1 zonelists, mobility grouping on.  Total pages: 257913
[    0.000000] Policy zone: DMA32
[    0.000000] Kernel command line: BOOT_IMAGE=/boot/vmlinuz-4.15.0-194-generic root=LABEL=cloudimg-rootfs ro console=tty1 console=ttyS0
[    0.000000] Memory: 982848K/1048120K available (12300K kernel code, 2477K rwdata, 4320K rodata, 2472K init, 2720K bss, 65272K reserved, 0K cma-reserved)
[    0.000000] SLUB: HWalign=64, Order=0-3, MinObjects=0, CPUs=1, Nodes=1
[    0.000000] Kernel/User page tables isolation: enabled
[    0.000000] ftrace: allocating 39477 entries in 155 pages
[    0.004000] Hierarchical RCU implementation.
[    0.004000] 	RCU restricting CPUs from NR_CPUS=8192 to nr_cpu_ids=1.
[    0.004000] 	Tasks RCU enabled.
[    0.004000] RCU: Adjusting geometry for rcu_fanout_leaf=16, nr_cpu_ids=1
[    0.004000] NR_IRQS: 524544, nr_irqs: 256, preallocated irqs: 16
[    0.004000] random: crng init done
[    0.004000] Console: colour VGA+ 80x25
[    0.004000] console [tty1] enabled
[    0.004000] console [ttyS0] enabled
[    0.004000] ACPI: Core revision 20170831
[    0.004000] ACPI: 2 ACPI AML tables successfully acquired and loaded
[    0.004000] APIC: Switch to symmetric I/O mode setup
[    0.004000] x2apic enabled
[    0.004000] Switched APIC routing to physical x2apic.
[    0.004000] ..TIMER: vector=0x30 apic1=0 pin1=2 apic2=-1 pin2=-1
[    0.004000] tsc: Detected 2304.000 MHz processor
[    0.004007] Calibrating delay loop (skipped) preset value.. 4608.00 BogoMIPS (lpj=9216000)
[    0.005296] pid_max: default: 32768 minimum: 301
[    0.006256] Security Framework initialized
[    0.006918] Yama: becoming mindful.
[    0.008014] AppArmor: AppArmor initialized
[    0.009737] Dentry cache hash table entries: 131072 (order: 8, 1048576 bytes)
[    0.011194] Inode-cache hash table entries: 65536 (order: 7, 524288 bytes)
[    0.012009] Mount-cache hash table entries: 2048 (order: 2, 16384 bytes)
[    0.013073] Mountpoint-cache hash table entries: 2048 (order: 2, 16384 bytes)
[    0.014400] process: using mwait in idle threads
[    0.015209] Last level iTLB entries: 4KB 64, 2MB 8, 4MB 8
[    0.016001] Last level dTLB entries: 4KB 64, 2MB 0, 4MB 0, 1GB 4
[    0.017055] Spectre V1 : Mitigation: usercopy/swapgs barriers and __user pointer sanitization
[    0.018672] Spectre V2 : Mitigation: Retpolines
[    0.020001] Spectre V2 : Spectre v2 / SpectreRSB mitigation: Filling RSB on context switch
[    0.021331] Speculative Store Bypass: Vulnerable
[    0.022148] MDS: Mitigation: Clear CPU buffers
[    0.022845] MMIO Stale Data: Mitigation: Clear CPU buffers
[    0.023691] SRBDS: Unknown: Dependent on hypervisor status
[    0.034821] Freeing SMP alternatives memory: 36K
[    0.146098] smpboot: CPU0: Intel(R) Core(TM) i9-9880H CPU @ 2.30GHz (family: 0x6, model: 0x9e, stepping: 0xd)
[    0.148000] Performance Events: unsupported p6 CPU model 158 no PMU driver, software events only.
[    0.148000] Hierarchical SRCU implementation.
[    0.148482] NMI watchdog: Perf event create on CPU 0 failed with -2
[    0.149460] NMI watchdog: Perf NMI watchdog permanently disabled
[    0.150446] smp: Bringing up secondary CPUs ...
[    0.151167] smp: Brought up 1 node, 1 CPU
[    0.152001] smpboot: Max logical packages: 1
[    0.152777] smpboot: Total of 1 processors activated (4608.00 BogoMIPS)
[    0.153854] devtmpfs: initialized
[    0.154430] x86/mm: Memory block size: 128MB
[    0.155193] evm: security.selinux
[    0.156003] evm: security.SMACK64
[    0.156542] evm: security.SMACK64EXEC
[    0.157123] evm: security.SMACK64TRANSMUTE
[    0.157765] evm: security.SMACK64MMAP
[    0.158346] evm: security.apparmor
[    0.158890] evm: security.ima
[    0.159378] evm: security.capability
[    0.160058] clocksource: jiffies: mask: 0xffffffff max_cycles: 0xffffffff, max_idle_ns: 7645041785100000 ns
[    0.161542] futex hash table entries: 256 (order: 2, 16384 bytes)
[    0.162469] pinctrl core: initialized pinctrl subsystem
[    0.163317] RTC time: 17:09:44, date: 10/20/22
[    0.164054] NET: Registered protocol family 16
[    0.164779] audit: initializing netlink subsys (disabled)
[    0.166139] cpuidle: using governor ladder
[    0.167046] cpuidle: using governor menu
[    0.167687] ACPI: bus type PCI registered
[    0.168003] acpiphp: ACPI Hot Plug PCI Controller Driver version: 0.5
[    0.169065] PCI: Using configuration type 1 for base access
[    0.170091] audit: type=2000 audit(1666285789.614:1): state=initialized audit_enabled=0 res=1
[    0.172432] HugeTLB registered 2.00 MiB page size, pre-allocated 0 pages
[    0.174483] ACPI: Added _OSI(Module Device)
[    0.175824] ACPI: Added _OSI(Processor Device)
[    0.176003] ACPI: Added _OSI(3.0 _SCP Extensions)
[    0.176859] ACPI: Added _OSI(Processor Aggregator Device)
[    0.177693] ACPI: Added _OSI(Linux-Dell-Video)
[    0.178389] ACPI: Added _OSI(Linux-Lenovo-NV-HDMI-Audio)
[    0.180006] ACPI: Added _OSI(Linux-HPI-Hybrid-Graphics)
[    0.181120] ACPI: Executed 1 blocks of module-level executable AML code
[    0.185613] ACPI: Interpreter enabled
[    0.186272] ACPI: (supports S0 S5)
[    0.186817] ACPI: Using IOAPIC for interrupt routing
[    0.187724] PCI: Using host bridge windows from ACPI; if necessary, use "pci=nocrs" and report a bug
[    0.188139] ACPI: Enabled 2 GPEs in block 00 to 07
[    0.194753] ACPI: PCI Root Bridge [PCI0] (domain 0000 [bus 00-ff])
[    0.196005] acpi PNP0A03:00: _OSC: OS supports [ASPM ClockPM Segments MSI]
[    0.197315] acpi PNP0A03:00: _OSC: not requesting OS control; OS requires [ExtendedConfig ASPM ClockPM MSI]
[    0.198967] acpi PNP0A03:00: fail to add MMCONFIG information, can't access extended PCI configuration space under this bridge.
[    0.200381] PCI host bridge to bus 0000:00
[    0.201040] pci_bus 0000:00: root bus resource [io  0x0000-0x0cf7 window]
[    0.204002] pci_bus 0000:00: root bus resource [io  0x0d00-0xffff window]
[    0.205050] pci_bus 0000:00: root bus resource [mem 0x000a0000-0x000bffff window]
[    0.206592] pci_bus 0000:00: root bus resource [mem 0x40000000-0xfdffffff window]
[    0.207765] pci_bus 0000:00: root bus resource [bus 00-ff]
[    0.209973] pci 0000:00:01.1: legacy IDE quirk: reg 0x10: [io  0x01f0-0x01f7]
[    0.211067] pci 0000:00:01.1: legacy IDE quirk: reg 0x14: [io  0x03f6]
[    0.212002] pci 0000:00:01.1: legacy IDE quirk: reg 0x18: [io  0x0170-0x0177]
[    0.214225] pci 0000:00:01.1: legacy IDE quirk: reg 0x1c: [io  0x0376]
[    0.225924] pci 0000:00:07.0: quirk: [io  0x4000-0x403f] claimed by PIIX4 ACPI
[    0.228018] pci 0000:00:07.0: quirk: [io  0x4100-0x410f] claimed by PIIX4 SMB
[    0.235849] ACPI: PCI Interrupt Link [LNKA] (IRQs 5 9 10 *11)
[    0.236229] ACPI: PCI Interrupt Link [LNKB] (IRQs 5 9 *10 11)
[    0.237630] ACPI: PCI Interrupt Link [LNKC] (IRQs 5 *9 10 11)
[    0.240098] ACPI: PCI Interrupt Link [LNKD] (IRQs 5 9 10 *11)
[    0.241361] SCSI subsystem initialized
[    0.242159] pci 0000:00:02.0: vgaarb: setting as boot VGA device
[    0.243094] pci 0000:00:02.0: vgaarb: VGA device added: decodes=io+mem,owns=io+mem,locks=none
[    0.244003] pci 0000:00:02.0: vgaarb: bridge control possible
[    0.244903] vgaarb: loaded
[    0.245373] ACPI: bus type USB registered
[    0.246039] usbcore: registered new interface driver usbfs
[    0.246897] usbcore: registered new interface driver hub
[    0.248007] usbcore: registered new device driver usb
[    0.249323] EDAC MC: Ver: 3.0.0
[    0.250082] PCI: Using ACPI for IRQ routing
[    0.250991] NetLabel: Initializing
[    0.252001] NetLabel:  domain hash size = 128
[    0.252870] NetLabel:  protocols = UNLABELED CIPSOv4 CALIPSO
[    0.253725] NetLabel:  unlabeled traffic allowed by default
[    0.254828] clocksource: Switched to clocksource kvm-clock
[    0.261018] VFS: Disk quotas dquot_6.6.0
[    0.262068] VFS: Dquot-cache hash table entries: 512 (order 0, 4096 bytes)
[    0.263247] AppArmor: AppArmor Filesystem Enabled
[    0.264074] pnp: PnP ACPI init
[    0.266076] pnp: PnP ACPI: found 3 devices
[    0.272348] clocksource: acpi_pm: mask: 0xffffff max_cycles: 0xffffff, max_idle_ns: 2085701024 ns
[    0.274588] NET: Registered protocol family 2
[    0.275909] IP idents hash table entries: 16384 (order: 5, 131072 bytes)
[    0.277148] TCP established hash table entries: 8192 (order: 4, 65536 bytes)
[    0.278243] TCP bind hash table entries: 8192 (order: 5, 131072 bytes)
[    0.280025] TCP: Hash tables configured (established 8192 bind 8192)
[    0.281086] UDP hash table entries: 512 (order: 2, 16384 bytes)
[    0.281975] UDP-Lite hash table entries: 512 (order: 2, 16384 bytes)
[    0.282935] NET: Registered protocol family 1
[    0.283611] pci 0000:00:00.0: Limiting direct PCI/PCI transfers
[    0.284711] pci 0000:00:01.0: Activating ISA DMA hang workarounds
[    0.286033] pci 0000:00:02.0: Video device with shadowed ROM at [mem 0x000c0000-0x000dffff]
[    0.287380] Unpacking initramfs...
[    0.512129] Freeing initrd memory: 19532K
[    0.513054] clocksource: tsc: mask: 0xffffffffffffffff max_cycles: 0x2135f7c97c8, max_idle_ns: 440795273205 ns
[    0.515000] platform rtc_cmos: registered platform RTC device (no PNP device found)
[    0.516507] Scanning for low memory corruption every 60 seconds
[    0.518000] Initialise system trusted keyrings
[    0.518868] Key type blacklist registered
[    0.519675] workingset: timestamp_bits=36 max_order=18 bucket_order=0
[    0.521623] zbud: loaded
[    0.522523] squashfs: version 4.0 (2009/01/31) Phillip Lougher
[    0.523693] fuse init (API version 7.26)
[    0.524987] Key type asymmetric registered
[    0.525768] Asymmetric key parser 'x509' registered
[    0.526696] Block layer SCSI generic (bsg) driver version 0.4 loaded (major 246)
[    0.528088] io scheduler noop registered
[    0.528900] io scheduler deadline registered
[    0.529728] io scheduler cfq registered (default)
[    0.530966] ACPI: AC Adapter [AC] (on-line)
[    0.531781] input: Power Button as /devices/LNXSYSTM:00/LNXPWRBN:00/input/input0
[    0.533130] ACPI: Power Button [PWRF]
[    0.533903] input: Sleep Button as /devices/LNXSYSTM:00/LNXSLPBN:00/input/input1
[    0.535104] ACPI: Sleep Button [SLPF]
[    0.536773] ACPI: Battery Slot [BAT0] (battery present)
[    0.537719] Serial: 8250/16550 driver, 32 ports, IRQ sharing enabled
[    0.559660] 00:02: ttyS0 at I/O 0x3f8 (irq = 4, base_baud = 115200) is a 16550A
[    0.562022] Linux agpgart interface v0.103
[    0.563333] loop: module loaded
[    0.564213] scsi host0: ata_piix
[    0.564813] scsi host1: ata_piix
[    0.565380] ata1: PATA max UDMA/33 cmd 0x1f0 ctl 0x3f6 bmdma 0xd000 irq 14
[    0.566471] ata2: PATA max UDMA/33 cmd 0x170 ctl 0x376 bmdma 0xd008 irq 15
[    0.567968] tun: Universal TUN/TAP device driver, 1.6
[    0.568842] PPP generic driver version 2.4.2
[    0.569582] ehci_hcd: USB 2.0 'Enhanced' Host Controller (EHCI) Driver
[    0.570632] ehci-pci: EHCI PCI platform driver
[    0.571371] ehci-platform: EHCI generic platform driver
[    0.572381] ohci_hcd: USB 1.1 'Open' Host Controller (OHCI) Driver
[    0.573384] ohci-pci: OHCI PCI platform driver
[    0.574249] ohci-platform: OHCI generic platform driver
[    0.575196] uhci_hcd: USB Universal Host Controller Interface driver
[    0.576266] i8042: PNP: PS/2 Controller [PNP0303:PS2K,PNP0f03:PS2M] at 0x60,0x64 irq 1,12
[    0.577917] serio: i8042 KBD port at 0x60,0x64 irq 1
[    0.578747] serio: i8042 AUX port at 0x60,0x64 irq 12
[    0.579637] mousedev: PS/2 mouse device common for all mice
[    0.580736] input: AT Translated Set 2 keyboard as /devices/platform/i8042/serio0/input/input2
[    0.582423] rtc_cmos rtc_cmos: rtc core: registered rtc_cmos as rtc0
[    0.583492] rtc_cmos rtc_cmos: alarms up to one day, 114 bytes nvram
[    0.584626] i2c /dev entries driver
[    0.585252] device-mapper: uevent: version 1.0.3
[    0.586045] device-mapper: ioctl: 4.37.0-ioctl (2017-09-20) initialised: dm-devel@redhat.com
[    0.587423] ledtrig-cpu: registered to indicate activity on CPUs
[    0.588492] intel_pmc_core:  initialized
[    0.589279] NET: Registered protocol family 10
[    0.592006] Segment Routing with IPv6
[    0.592674] NET: Registered protocol family 17
[    0.593441] Key type dns_resolver registered
[    0.594214] mce: Using 0 MCE banks
[    0.594797] RAS: Correctable Errors collector initialized.
[    0.595820] sched_clock: Marking stable (592658838, 0)->(740894309, -148235471)
[    0.597113] registered taskstats version 1
[    0.597801] Loading compiled-in X.509 certificates
[    0.599820] Loaded X.509 cert 'Build time autogenerated kernel key: 6303a3b02fa1c7713b8a75ba7ba622fabd5dd271'
[    0.601870] Loaded X.509 cert 'Canonical Ltd. Live Patch Signing: 14df34d1a87cf37625abec039ef2bf521249b969'
[    0.603799] Loaded X.509 cert 'Canonical Ltd. Kernel Module Signing: 88f752e560a1e0737e31163a466ad7b70a850c19'
[    0.605413] blacklist: Loading compiled-in revocation X.509 certificates
[    0.606505] Loaded X.509 cert 'Canonical Ltd. Secure Boot Signing: 61482aa2830d0ab2ad5af10b7250da9033ddcef0'
[    0.608078] zswap: loaded using pool lzo/zbud
[    0.610493] Key type big_key registered
[    0.611151] Key type trusted registered
[    0.612641] Key type encrypted registered
[    0.613862] AppArmor: AppArmor sha1 policy hashing enabled
[    0.614744] ima: No TPM chip found, activating TPM-bypass! (rc=-19)
[    0.615744] ima: Allocated hash algorithm: sha1
[    0.616526] evm: HMAC attrs: 0x1
[    0.617315]   Magic number: 10:946:188
[    0.617958] rtc_cmos rtc_cmos: setting system clock to 2022-10-20 17:09:44 UTC (1666285784)
[    0.619265] BIOS EDD facility v0.16 2004-Jun-25, 0 devices found
[    0.620214] EDD information not available.
[    0.750371] Freeing unused kernel image memory: 2472K
[    0.760586] Write protecting the kernel read-only data: 20480k
[    0.763634] Freeing unused kernel image memory: 2008K
[    0.765227] Freeing unused kernel image memory: 1824K
[    0.774499] x86/mm: Checked W+X mappings: passed, no W+X pages found.
[    0.776260] x86/mm: Checking user space page tables
[    0.784595] x86/mm: Checked W+X mappings: passed, no W+X pages found.
Loading, please wait...
starting version 237
[    0.864465] e1000: Intel(R) PRO/1000 Network Driver - version 7.3.21-k8-NAPI
[    0.866498] e1000: Copyright (c) 1999-2006 Intel Corporation.
[    0.870937] Fusion MPT base driver 3.04.20
[    0.871638] Copyright (c) 1999-2008 LSI Corporation
[    0.885446] AVX2 version of gcm_enc/dec engaged.
[    0.887107] AES CTR mode by8 optimization enabled
[    0.893541] Fusion MPT SPI Host driver 3.04.20
[    1.077733] input: ImExPS/2 Generic Explorer Mouse as /devices/platform/i8042/serio1/input/input4
[    1.269634] e1000 0000:00:03.0 eth0: (PCI:33MHz:32-bit) 02:2d:21:26:aa:88
[    1.271545] e1000 0000:00:03.0 eth0: Intel(R) PRO/1000 Network Connection
[    1.273712] mptbase: ioc0: Initiating bringup
[    1.368200] ioc0: LSI53C1030 A0: Capabilities={Initiator}
[    1.608980] scsi host2: ioc0: LSI53C1030 A0, FwRev=00000000h, Ports=1, MaxQ=256, IRQ=20
[    1.777515] scsi 2:0:0:0: Direct-Access     VBOX     HARDDISK         1.0  PQ: 0 ANSI: 5
[    1.782348] scsi target2:0:0: Beginning Domain Validation
[    1.785096] scsi target2:0:0: Domain Validation skipping write tests
[    1.786677] scsi target2:0:0: Ending Domain Validation
[    1.787993] scsi target2:0:0: asynchronous
[    1.789400] scsi 2:0:1:0: Direct-Access     VBOX     HARDDISK         1.0  PQ: 0 ANSI: 5
[    1.791519] scsi target2:0:1: Beginning Domain Validation
[    1.793570] scsi target2:0:1: Domain Validation skipping write tests
[    1.795101] scsi target2:0:1: Ending Domain Validation
[    1.796599] scsi target2:0:1: asynchronous
[    1.801950] sd 2:0:0:0: [sda] 83886080 512-byte logical blocks: (42.9 GB/40.0 GiB)
[    1.803803] sd 2:0:0:0: [sda] Write Protect is off
[    1.805522] sd 2:0:0:0: Attached scsi generic sg0 type 0
[    1.806969] sd 2:0:0:0: [sda] Incomplete mode parameter data
[    1.808343] sd 2:0:0:0: [sda] Assuming drive cache: write through
[    1.810414] sd 2:0:1:0: [sdb] 20480 512-byte logical blocks: (10.5 MB/10.0 MiB)
[    1.812497] sd 2:0:1:0: [sdb] Write Protect is off
[    1.814030] sd 2:0:1:0: Attached scsi generic sg1 type 0
[    1.815637] sd 2:0:1:0: [sdb] Incomplete mode parameter data
[    1.816986] sd 2:0:1:0: [sdb] Assuming drive cache: write through
[    1.828734]  sda: sda1
[    1.834931] sd 2:0:0:0: [sda] Attached SCSI disk
[    1.845056] sd 2:0:1:0: [sdb] Attached SCSI disk
[    2.179208] e1000 0000:00:08.0 eth1: (PCI:33MHz:32-bit) 08:00:27:ea:82:4b
[    2.181244] e1000 0000:00:08.0 eth1: Intel(R) PRO/1000 Network Connection
[    2.183886] e1000 0000:00:08.0 enp0s8: renamed from eth1
[    2.186845] e1000 0000:00:03.0 enp0s3: renamed from eth0
Begin: Loading essential drivers ... [    3.523072] raid6: sse2x1   gen() 17469 MB/s
[    3.583099] raid6: sse2x1   xor() 10325 MB/s
[    3.643130] raid6: sse2x2   gen() 21605 MB/s
[    3.703214] raid6: sse2x2   xor() 13699 MB/s
[    3.753207] raid6: sse2x4   gen() 18778 MB/s
[    3.802500] raid6: sse2x4   xor() 10069 MB/s
[    3.854514] raid6: avx2x1   gen() 32400 MB/s
[    3.909895] raid6: avx2x1   xor() 17579 MB/s
[    3.959811] raid6: avx2x2   gen() 36586 MB/s
[    4.010071] raid6: avx2x2   xor() 22998 MB/s
[    4.060005] raid6: avx2x4   gen() 40768 MB/s
[    4.108778] raid6: avx2x4   xor() 21865 MB/s
[    4.110127] raid6: using algorithm avx2x4 gen() 40768 MB/s
[    4.112041] raid6: .... xor() 21865 MB/s, rmw enabled
[    4.113081] raid6: using avx2x2 recovery algorithm
[    4.115339] xor: automatically using best checksumming function   avx       
[    4.117558] async_tx: api initialized (async)
done.
Begin: Running /scripts/init-premount ... done.
Begin: Mounting root file system ... Begin: Running /scripts/local-top ... done.
Begin: Running /scripts/local-premount ... [    4.156038] Btrfs loaded, crc32c=crc32c-intel
Scanning for Btrfs filesystems
done.
Warning: fsck not present, so skipping root file system
[    4.174828] EXT4-fs (sda1): mounted filesystem with ordered data mode. Opts: (null)
done.
Begin: Running /scripts/local-bottom ... done.
Begin: Running /scripts/init-bottom ... done.
[    4.331032] ip_tables: (C) 2000-2006 Netfilter Core Team
[    4.338725] systemd[1]: systemd 237 running in system mode. (+PAM +AUDIT +SELINUX +IMA +APPARMOR +SMACK +SYSVINIT +UTMP +LIBCRYPTSETUP +GCRYPT +GNUTLS +ACL +XZ +LZ4 +SECCOMP +BLKID +ELFUTILS +KMOD -IDN2 +IDN -PCRE2 default-hierarchy=hybrid)
[    4.342845] systemd[1]: Detected virtualization oracle.
[    4.344029] systemd[1]: Detected architecture x86-64.

Welcome to [1mUbuntu 18.04.6 LTS[0m!

[    4.347891] systemd[1]: Set hostname to <ubuntu>.
[    4.351753] systemd[1]: Initializing machine ID from random generator.
[    4.353420] systemd[1]: Installed transient /etc/machine-id file.
[    4.581313] systemd[1]: Reached target System Time Synchronized.
[[0;32m  OK  [0m] Reached target System Time Synchronized.
[    4.583719] systemd[1]: Created slice System Slice.
[[0;32m  OK  [0m] Created slice System Slice.
[    4.585337] systemd[1]: Listening on Syslog Socket.
[[0;32m  OK  [0m] Listening on Syslog Socket.
[    4.586894] systemd[1]: Listening on udev Kernel Socket.
[[0;32m  OK  [0m] Listening on udev Kernel Socket.
[[0;32m  OK  [0m] Listening on Journal Audit Socket.
[[0;32m  OK  [0m] Listening on udev Control Socket.
[[0;32m  OK  [0m] Listening on Journal Socket (/dev/log).
[[0;32m  OK  [0m] Reached target Swap.
[[0;32m  OK  [0m] Listening on Journal Socket.
         Starting Load Kernel Modules...
         Mounting Kernel Debug File System...
[    4.652710] Loading iSCSI transport class v2.0-870.
         Starting Uncomplicated firewall...
[    4.661450] iscsi: registered transport (tcp)
         Starting Set the console keyboard layout...
         Starting Journal Service...
[[0;32m  OK  [0m] Created slice User and Session Slice.
         Starting udev Coldplug all Devices...
[[0;32m  OK  [0m] Listening on Device-mapper event daemon FIFOs.
[[0;32m  OK  [0m] Started Forward Password Requests to Wall Directory Watch.
[[0;32m  OK  [0m] Reached target User and Group Name Lookups.
[[0;32m  OK  [0m] Listening on Network Service Netlink Socket.
         Starting Create list of required st…ce nodes for the current kernel...
[[0;32m  OK  [0m] Reached target Slices.
         Mounting POSIX Message Queue File System...
[[0;32m  OK  [0m] Set up automount Arbitrary Executab…rmats File System Automount Point.
[    4.732616] iscsi: registered transport (iser)
[[0;32m  OK  [0m] Listening on /dev/initctl Compatibility Named Pipe.
[[0;32m  OK  [0m] Listening on fsck to fsckd communication Socket.
         Mounting Huge Pages File System...
[[0;32m  OK  [0m] Created slice system-serial\x2dgetty.slice.
[[0;32m  OK  [0m] Listening on LVM2 poll daemon socket.
[[0;32m  OK  [0m] Listening on LVM2 metadata daemon socket.
         Starting Monitoring of LVM2 mirrors…ng dmeventd or progress polling...
         Starting File System Check on Root Device...
[[0;32m  OK  [0m] Started Journal Service.
[[0;32m  OK  [0m] Started Load Kernel Modules.
[[0;32m  OK  [0m] Mounted Kernel Debug File System.
[[0;32m  OK  [0m] Started Uncomplicated firewall.
[[0;32m  OK  [0m] Started Create list of required sta…vice nodes for the current kernel.
[[0;32m  OK  [0m] Mounted POSIX Message Queue File System.
[[0;32m  OK  [0m] Mounted Huge Pages File System.
[[0;32m  OK  [0m] Started File System Check Daemon to report status.
[[0;32m  OK  [0m] Started LVM2 metadata daemon.
         Starting Create Static Device Nodes in /dev...
         Mounting Kernel Configuration File System...
         Starting Apply Kernel Variables...
         Mounting FUSE Control File System...
[[0;32m  OK  [0m] Mounted FUSE Control File System.
[[0;32m  OK  [0m] Mounted Kernel Configuration File System.
[[0;32m  OK  [0m] Started File System Check on Root Device.
         Starting Remount Root and Kernel File Systems...
[[0;32m  OK  [0m] Started udev Coldplug all Devices.
[[0;32m  OK  [0m] Started Create Static Device Nodes in /dev.
[[0;32m  OK  [0m] Started Apply Kernel Variables.
[[0;32m  OK  [0m] Started Remount Root and Kernel File Systems.
         Starting Flush Journal to Persistent Storage...
         Starting udev Kernel Device Manager...
         Starting Load/Save Random Seed...
[[0;32m  OK  [0m] Started Monitoring of LVM2 mirrors,…sing dmeventd or progress polling.
[[0;32m  OK  [0m] Started Load/Save Random Seed.
[[0;32m  OK  [0m] Started udev Kernel Device Manager.
[[0;32m  OK  [0m] Started Flush Journal to Persistent Storage.
[[0;32m  OK  [0m] Started Set the console keyboard layout.
[[0;32m  OK  [0m] Reached target Local File Systems (Pre).
[[0;32m  OK  [0m] Reached target Local File Systems.
         Starting ebtables ruleset management...
         Starting Commit a transient machine-id on disk...
         Starting AppArmor initialization...
         Starting Tell Plymouth To Write Out Runtime Data...
         Starting Set console font and keymap...
[[0;32m  OK  [0m] Started Dispatch Password Requests to Console Directory Watch.
[[0;32m  OK  [0m] Reached target Local Encrypted Volumes.
         Starting Create Volatile Files and Directories...
[[0;32m  OK  [0m] Started Commit a transient machine-id on disk.
[[0;32m  OK  [0m] Started Set console font and keymap.
[[0;32m  OK  [0m] Started Tell Plymouth To Write Out Runtime Data.
[[0;32m  OK  [0m] Started Create Volatile Files and Directories.
         Starting Update UTMP about System Boot/Shutdown...
[[0;32m  OK  [0m] Started Update UTMP about System Boot/Shutdown.
[[0;32m  OK  [0m] Started ebtables ruleset management.
[[0;32m  OK  [0m] Found device /dev/ttyS0.
[[0;32m  OK  [0m] Listening on Load/Save RF Kill Switch Status /dev/rfkill Watch.
[[0;32m  OK  [0m] Started AppArmor initialization.
         Starting Load AppArmor profiles managed internally by snapd...
         Starting Initial cloud-init job (pre-networking)...
[[0;32m  OK  [0m] Started Load AppArmor profiles managed internally by snapd.
[    6.964516] cloud-init[591]: Cloud-init v. 22.3.4-0ubuntu1~18.04.1 running 'init-local' at Thu, 20 Oct 2022 17:09:50 +0000. Up 6.73 seconds.
[[0;32m  OK  [0m] Started Initial cloud-init job (pre-networking).
[[0;32m  OK  [0m] Reached target Network (Pre).
         Starting Network Service...
[[0;32m  OK  [0m] Started Network Service.
         Starting Network Name Resolution...
         Starting Wait for Network to be Configured...
[[0;32m  OK  [0m] Started Network Name Resolution.
[[0;32m  OK  [0m] Reached target Network.
[[0;32m  OK  [0m] Reached target Host and Network Name Lookups.
[[0;32m  OK  [0m] Started Wait for Network to be Configured.
         Starting Initial cloud-init job (metadata service crawler)...
[    8.922492] cloud-init[667]: Cloud-init v. 22.3.4-0ubuntu1~18.04.1 running 'init' at Thu, 20 Oct 2022 17:09:52 +0000. Up 8.82 seconds.
[    8.932282] cloud-init[667]: ci-info: ++++++++++++++++++++++++++++++++++++++Net device info+++++++++++++++++++++++++++++++++++++++
[    8.944185] cloud-init[667]: ci-info: +--------+-------+----------------------------+---------------+--------+-------------------+
[    8.945105] cloud-init[667]: ci-info: | Device |   Up  |          Address           |      Mask     | Scope  |     Hw-Address    |
[    8.947079] cloud-init[667]: ci-info: +--------+-------+----------------------------+---------------+--------+-------------------+
[    8.949561] cloud-init[667]: ci-info: | enp0s3 |  True |         10.0.2.15          | 255.255.255.0 | global | 02:2d:21:26:aa:88 |
[    8.954642] cloud-init[667]: ci-info: | enp0s3 |  True | fe80::2d:21ff:fe26:aa88/64 |       .       |  link  | 02:2d:21:26:aa:88 |
[    8.957688] cloud-init[667]: ci-info: | enp0s8 | False |             .              |       .       |   .    | 08:00:27:ea:82:4b |
[    8.962356] cloud-init[667]: ci-info: |   lo   |  True |         127.0.0.1          |   255.0.0.0   |  host  |         .         |
[    8.965869] cloud-init[667]: ci-info: |   lo   |  True |          ::1/128           |       .       |  host  |         .         |
[    8.969602] cloud-init[667]: ci-info: +--------+-------+----------------------------+---------------+--------+-------------------+
[    8.976307] cloud-init[667]: ci-info: ++++++++++++++++++++++++++++Route IPv4 info+++++++++++++++++++++++++++++
[    8.977684] cloud-init[667]: ci-info: +-------+-------------+----------+-----------------+-----------+-------+
[    8.979720] cloud-init[667]: ci-info: | Route | Destination | Gateway  |     Genmask     | Interface | Flags |
[    8.982812] cloud-init[667]: ci-info: +-------+-------------+----------+-----------------+-----------+-------+
[    8.984255] cloud-init[667]: ci-info: |   0   |   0.0.0.0   | 10.0.2.2 |     0.0.0.0     |   enp0s3  |   UG  |
[    8.986856] cloud-init[667]: ci-info: |   1   |   10.0.2.0  | 0.0.0.0  |  255.255.255.0  |   enp0s3  |   U   |
[    8.989941] cloud-init[667]: ci-info: |   2   |   10.0.2.2  | 0.0.0.0  | 255.255.255.255 |   enp0s3  |   UH  |
[    8.991441] cloud-init[667]: ci-info: +-------+-------------+----------+-----------------+-----------+-------+
[    8.993939] cloud-init[667]: ci-info: +++++++++++++++++++Route IPv6 info+++++++++++++++++++
[    8.995436] cloud-init[667]: ci-info: +-------+-------------+---------+-----------+-------+
[    8.998195] cloud-init[667]: ci-info: | Route | Destination | Gateway | Interface | Flags |
[    9.002075] cloud-init[667]: ci-info: +-------+-------------+---------+-----------+-------+
[    9.005738] cloud-init[667]: ci-info: |   1   |  fe80::/64  |    ::   |   enp0s3  |   U   |
[    9.007842] cloud-init[667]: ci-info: |   3   |    local    |    ::   |   enp0s3  |   U   |
[    9.011029] cloud-init[667]: ci-info: |   4   |   ff00::/8  |    ::   |   enp0s3  |   U   |
[    9.012668] cloud-init[667]: ci-info: +-------+-------------+---------+-----------+-------+
[    9.503667] cloud-init[667]: Generating public/private rsa key pair.
[    9.516240] cloud-init[667]: Your identification has been saved in /etc/ssh/ssh_host_rsa_key.
[    9.517547] cloud-init[667]: Your public key has been saved in /etc/ssh/ssh_host_rsa_key.pub.
[    9.528199] cloud-init[667]: The key fingerprint is:
[    9.540210] cloud-init[667]: SHA256:5NQmv3jgIzoes6gQsZ4aRcHtyC353IzE+h6lreMsaXg root@ubuntu-bionic
[    9.542016] cloud-init[667]: The key's randomart image is:
[    9.543241] cloud-init[667]: +---[RSA 2048]----+
[    9.544359] cloud-init[667]: | ...             |
[    9.548195] cloud-init[667]: |  ...    .       |
[    9.549046] cloud-init[667]: |...*    + o      |
[    9.550122] cloud-init[667]: | += =  + +       |
[    9.556251] cloud-init[667]: |o .* +. S .      |
[    9.557550] cloud-init[667]: |.oo ++o. o .     |
[    9.558493] cloud-init[667]: |o+ o= o + o      |
[    9.559534] cloud-init[667]: |+.Eo+B . o       |
[    9.560670] cloud-init[667]: |o+.=Oo           |
[    9.564232] cloud-init[667]: +----[SHA256]-----+
[    9.565411] cloud-init[667]: Generating public/private dsa key pair.
[    9.568180] cloud-init[667]: Your identification has been saved in /etc/ssh/ssh_host_dsa_key.
[    9.570714] cloud-init[667]: Your public key has been saved in /etc/ssh/ssh_host_dsa_key.pub.
[    9.572660] cloud-init[667]: The key fingerprint is:
[    9.573969] cloud-init[667]: SHA256:eSvuQf/5266h6yd0Wj7Nk6nHh9SWEwCGzay4OEfSn/w root@ubuntu-bionic
[[0;32m  OK  [0m] Started Initial cloud-init job (metadata service crawler).
[[0;32m  OK  [0m] Reached target System Initialization.
[[0;32m  OK  [0m] Listening on UUID daemon activation socket.
[[0;32m  OK  [0m] Listening on ACPID Listen Socket.
[[0;32m  OK  [0m] Started Discard unused blocks once a week.
[[0;32m  OK  [0m] Started Daily Cleanup of Temporary Directories.
[[0;32m  OK  [0m] Started Message of the Day.
[[0;32m  OK  [0m] Listening on Open-iSCSI iscsid Socket.
[[0;32m  OK  [0m] Listening on cloud-init hotplug hook socket.
[[0;32m  OK  [0m] Started Daily apt download activities.
         Starting Socket activation for snappy daemon.
[    9.578630] cloud-init[667]: [[0;32m  OK  [0m] Started ACPI Events Check.
[[0;32m  OK  [0m] Started Daily apt upgrade and clean activities.
The key's randomart image is:
[    9.616918] cloud-init[667]: +---[DSA 1024]----+
[    9.617710] cloud-init[667]: |          =o.    |
[    9.618720] cloud-init[667]: |         ..+ .   |
[    9.619335] cloud-init[667]: |      . . .   .  |[[0;32m  OK  [0m] Started Ubuntu Advantage Timer for running repeated jobs.
[[0;32m  OK  [0m] Reached target Timers.
[[0;32m  OK  [0m] Listening on D-Bus System Message Bus Socket.
[[0;32m  OK  [0m] Reached target Paths.
         Starting LXD - unix socket.
[[0;32m  OK  [0m] Reached target Cloud-config availability.
[[0;32m  OK  [0m] Reached target Network is Online.

[    9.630423] cloud-init[667]: |     . + o     . |[[0;32m  OK  [0m] Reached target Remote File Systems (Pre).
[[0;32m  OK  [0m] Reached target Remote File Systems.

[    9.635384] cloud-init[667]: |      + S o    .o|         Starting Availability of block devices...
[[0;32m  OK  [0m] Listening on Socket activation for snappy daemon.
[[0;32m  OK  [0m] Listening on LXD - unix socket.
[[0;32m  OK  [0m] Reached target Sockets.
[[0;32m  OK  [0m] Reached target Basic System.

[    9.646163] cloud-init[667]: |     o + * .. +oo|
[    9.646643] cloud-init[667]: |      o o +. *o=+|
[    9.647647] cloud-init         Starting Dispatcher daemon for systemd-networkd...
[667]: |       . o Eoo=O+|
[    9.651110] cloud-init[667]: |       .o  .***==|         Starting System Logging Service...

         Starting Login Service...
[    9.671856] cloud-init[667]: +----[SHA256]-----+
[    9.673509] cloud-init[667]: Generating public/private ecdsa key pair.
[    9.674648] cloud-init[667]: Your identification has been saved in /etc/ssh/ssh_host_ecdsa_key.
[    9.676772] cloud-init[667]: Your public key has been saved in /etc/ssh/ssh_host_ecdsa_key.pub.
[    9.678271] cloud-init[667]: The key fingerprint is:
[    9.679392] cloud-init[667]: SHA256:ruIVPIoZ/tYkqUBUvlqIvO2uS8bIXbNtm45KrMweCt4 root@ubuntu-bionic
[    9.684235] cloud-init[667]: The key's randomart image is:
[    9.695580] cloud-init[667]: +---[ECDSA 256]---+
[    9.701351] cloud-init[667]: |  ..             |
[[0;32m  OK  [0m] Started Regular background program processing daemon.
[    9.715665] cloud-init[667]: | ..              |
         Starting Accounts Service...
[    9.732040] cloud-init[667]: |.  .             |
         Starting Permit User Sessions...
[    9.736105] cloud-init         Starting LSB: Record successful boot for GRUB...
[667]: |o.. ..           |
[[0;32m  OK  [0m] Started Deferred execution scheduler.
         Starting LXD - container startup/shutdown...
[[0;32m  OK  [0m] Started D-Bus System Message Bus.
[    9.746024] cloud-init[667]: |oo.o ++ S        |
[    9.770819] cloud-init[667]: |=.B++.=+         |
[    9.771738] cloud-init[667]: |oX+*.=.o.        |
[    9.772903] cloud-init[667]: |O B.o.+.o        |
[    9.776319] cloud-init[667]: |oO+E+oo+         |
[    9.777295] cloud-init[667]: +----[SHA256]-----+
[    9.780276] cloud-init[667]: Generating public/private ed25519 key pair.
[    9.786176] cloud-init[667]: Your identification has been saved in /etc/ssh/ssh_host_ed25519_key.
[    9.791022] cloud-init[667]: Your public key has been saved in /etc/ssh/ssh_host_ed25519_key.pub.
[    9.796220] cloud-init[667]: The key fingerprint is:
[    9.798128] cloud-init[667]: SHA256:NcEiNKlF49Sy7bMQAT65daEpVcZL8mrfDzCcoFBVUt0 root@ubuntu-bionic
[    9.800959] cloud-init[667]: The key's randomart image is:
[    9.803586] cloud-init[667]: +--[ED25519 256]--+
[    9.806128] cloud-init[667]: |    o=XB*o..     |
[    9.808142] cloud-init[667]: |   o =BB=.o.E    |
[    9.810308] cloud-init[667]: |  . =o*X.oo      |
[    9.812194] cloud-init[667]: |   ..*o++o .     |
[    9.814906] cloud-init[667]: |    o  +S        |
[    9.817024] cloud-init[667]: |      + oo       |
[    9.819102] cloud-init[667]: |     . o +.      |
[    9.821249] cloud-init[667]: |        o ..     |
[    9.826094] cloud-init[667]: |           ..    |
[    9.841116] cloud-init[667]: +----[SHA256]-----+
[[0;32m  OK  [0m] Started Login Service.
[[0;32m  OK  [0m] Started Unattended Upgrades Shutdown.
         Starting Pollinate to seed the pseudo random number generator...
[[0;32m  OK  [0m] Started irqbalance daemon.
         Starting Snap Daemon...
         Starting Virtualbox guest utils...
[[0;32m  OK  [0m] Started FUSE filesystem for LXC.
         Starting LSB: automatic crash report generation...
[[0;32m  OK  [0m] Started System Logging Service.
[[0;32m  OK  [0m] Started Availability of block devices.
[[0;32m  OK  [0m] Started Permit User Sessions.
[[0;32m  OK  [0m] Started LXD - container startup/shutdown.
         Starting Authorization Manager...
         Starting Terminate Plymouth Boot Screen...
         Starting Hold until boot process finishes up...
[[0;32m  OK  [0m] Started Terminate Plymouth Boot Screen.
[[0;32m  OK  [0m] Started Hold until boot process finishes up.
         Starting Set console scheme...
[[0;32m  OK  [0m] Started Serial Getty on ttyS0.
[[0;32m  OK  [0m] Started LSB: Record successful boot for GRUB.
[[0;32m  OK  [0m] Started LSB: automatic crash report generation.
[[0;32m  OK  [0m] Started Set console scheme.
[[0;32m  OK  [0m] Created slice system-getty.slice.
[[0;32m  OK  [0m] Started Getty on tty1.
[[0;32m  OK  [0m] Reached target Login Prompts.
[[0;32m  OK  [0m] Started Authorization Manager.
[[0;32m  OK  [0m] Started Accounts Service.
[[0;32m  OK  [0m] Started Virtualbox guest utils.
[[0;32m  OK  [0m] Started Dispatcher daemon for systemd-networkd.
[[0;32m  OK  [0m] Started Snap Daemon.
         Starting Wait until snapd is fully seeded...
         Starting Time & Date Service...
[[0;32m  OK  [0m] Started Time & Date Service.
[[0;32m  OK  [0m] Started Pollinate to seed the pseudo random number generator.
         Starting OpenBSD Secure Shell server...
[[0;32m  OK  [0m] Started OpenBSD Secure Shell server.
[[0;32m  OK  [0m] Created slice User Slice of vagrant.
         Starting User Manager for UID 1000...
[[0;32m  OK  [0m] Started Session 1 of user vagrant.
[[0;32m  OK  [0m] Started User Manager for UID 1000.
[[0;32m  OK  [0m] Started Wait until snapd is fully seeded.
         Starting Apply the settings specified in cloud-config...
         Stopping User Manager for UID 1000...
[[0;32m  OK  [0m] Stopped User Manager for UID 1000.
[[0;32m  OK  [0m] Removed slice User Slice of vagrant.
[[0;32m  OK  [0m] Created slice User Slice of vagrant.
         Starting User Manager for UID 1000...
[[0;32m  OK  [0m] Started Session 3 of user vagrant.
[[0;32m  OK  [0m] Started User Manager for UID 1000.
[   14.683489] cloud-init[1377]: Cloud-init v. 22.3.4-0ubuntu1~18.04.1 running 'modules:config' at Thu, 20 Oct 2022 17:09:58 +0000. Up 14.30 seconds.
[[0;32m  OK  [0m] Started Apply the settings specified in cloud-config.
[[0;32m  OK  [0m] Reached target Multi-User System.
[[0;32m  OK  [0m] Reached target Graphical Interface.
         Starting Update UTMP about System Runlevel Changes...
         Starting Execute cloud user/final scripts...
[[0;32m  OK  [0m] Started Update UTMP about System Runlevel Changes.
ci-info: no authorized SSH keys fingerprints found for user ubuntu.
<14>Oct 20 17:09:59 cloud-init: #############################################################
<14>Oct 20 17:09:59 cloud-init: -----BEGIN SSH HOST KEY FINGERPRINTS-----
<14>Oct 20 17:09:59 cloud-init: 1024 SHA256:eSvuQf/5266h6yd0Wj7Nk6nHh9SWEwCGzay4OEfSn/w root@ubuntu-bionic (DSA)
<14>Oct 20 17:09:59 cloud-init: 256 SHA256:ruIVPIoZ/tYkqUBUvlqIvO2uS8bIXbNtm45KrMweCt4 root@ubuntu-bionic (ECDSA)
<14>Oct 20 17:09:59 cloud-init: 256 SHA256:NcEiNKlF49Sy7bMQAT65daEpVcZL8mrfDzCcoFBVUt0 root@ubuntu-bionic (ED25519)
<14>Oct 20 17:09:59 cloud-init: 2048 SHA256:5NQmv3jgIzoes6gQsZ4aRcHtyC353IzE+h6lreMsaXg root@ubuntu-bionic (RSA)
<14>Oct 20 17:09:59 cloud-init: -----END SSH HOST KEY FINGERPRINTS-----
<14>Oct 20 17:09:59 cloud-init: #############################################################
-----BEGIN SSH HOST KEY KEYS-----
ecdsa-sha2-nistp256 AAAAE2VjZHNhLXNoYTItbmlzdHAyNTYAAAAIbmlzdHAyNTYAAABBBKtLSKhPIwpNB5AA2tKiEWnKFjb3hhargBOUfrNNrYSINFrWH47dA+evFMfOpN7JvwkDZT4i0keb6S1XMAyXfuA= root@ubuntu-bionic
ssh-ed25519 AAAAC3NzaC1lZDI1NTE5AAAAIE7JOeZnXJODeb6hevK0EzORu9o2euVb7DfJ8EkMP1t4 root@ubuntu-bionic
ssh-rsa AAAAB3NzaC1yc2EAAAADAQABAAABAQDCUWNvShOK6swfTutIQRAC+3A2ZsgBdVp2k8GeAlaLJ9+FFePRgX3ze9n8A1odbr0I5hFh4/9UcJDTcItQigk6ZT2RkfUC5IrUt1eU45LwZcEvGq1CHww1Wn/WHCJ3QMwymyGmLjVYkZ+bjdsBuQYuCOwQwdlxU8/P4/iX+7W+L03T4IcpJJBpcrXxuRUO+xpBf0yOlTYKq1SK6yjVzugJNkUNOr/KQQh2c8DLcUVAIjdsoA9QegS+X7gjv5k/OVDuoJkDInlPChwAOLzMvd9xxbil6Go60q2cMfjbivYITVkQx91p0gwGEaxNepVntHLxKcxktLzDfH3tKEkORiFP root@ubuntu-bionic
-----END SSH HOST KEY KEYS-----
[   15.318184] cloud-init[1562]: Cloud-init v. 22.3.4-0ubuntu1~18.04.1 running 'modules:final' at Thu, 20 Oct 2022 17:09:58 +0000. Up 15.08 seconds.
[   15.323928] cloud-init[1562]: Cloud-init v. 22.3.4-0ubuntu1~18.04.1 finished at Thu, 20 Oct 2022 17:09:59 +0000. Datasource DataSourceNoCloud [seed=/dev/sdb][dsmode=net].  Up 15.30 seconds

Ubuntu 18.04.6 LTS vault ttyS0

vault login: 