[    0.000000] Initializing cgroup subsys cpuset
[    0.000000] Initializing cgroup subsys cpu
[    0.000000] Initializing cgroup subsys cpuacct
[    0.000000] Linux version 4.4.0-210-generic (buildd@lgw01-amd64-009) (gcc version 5.4.0 20160609 (Ubuntu 5.4.0-6ubuntu1~16.04.12) ) #242-Ubuntu SMP Fri Apr 16 09:57:56 UTC 2021 (Ubuntu 4.4.0-210.242-generic 4.4.262)
[    0.000000] Command line: BOOT_IMAGE=/boot/vmlinuz-4.4.0-210-generic root=LABEL=cloudimg-rootfs ro console=tty1 console=ttyS0
[    0.000000] KERNEL supported cpus:
[    0.000000]   Intel GenuineIntel
[    0.000000]   AMD AuthenticAMD
[    0.000000]   Centaur CentaurHauls
[    0.000000] x86/fpu: xstate_offset[2]:  576, xstate_sizes[2]:  256
[    0.000000] x86/fpu: Supporting XSAVE feature 0x01: 'x87 floating point registers'
[    0.000000] x86/fpu: Supporting XSAVE feature 0x02: 'SSE registers'
[    0.000000] x86/fpu: Supporting XSAVE feature 0x04: 'AVX registers'
[    0.000000] x86/fpu: Enabled xstate features 0x7, context size is 832 bytes, using 'standard' format.
[    0.000000] e820: BIOS-provided physical RAM map:
[    0.000000] BIOS-e820: [mem 0x0000000000000000-0x000000000009fbff] usable
[    0.000000] BIOS-e820: [mem 0x000000000009fc00-0x000000000009ffff] reserved
[    0.000000] BIOS-e820: [mem 0x00000000000f0000-0x00000000000fffff] reserved
[    0.000000] BIOS-e820: [mem 0x0000000000100000-0x000000003ffeffff] usable
[    0.000000] BIOS-e820: [mem 0x000000003fff0000-0x000000003fffffff] ACPI data
[    0.000000] BIOS-e820: [mem 0x00000000fec00000-0x00000000fec00fff] reserved
[    0.000000] BIOS-e820: [mem 0x00000000fee00000-0x00000000fee00fff] reserved
[    0.000000] BIOS-e820: [mem 0x00000000fffc0000-0x00000000ffffffff] reserved
[    0.000000] NX (Execute Disable) protection: active
[    0.000000] SMBIOS 2.5 present.
[    0.000000] Hypervisor detected: KVM
[    0.000000] e820: last_pfn = 0x3fff0 max_arch_pfn = 0x400000000
[    0.000000] MTRR: Disabled
[    0.000000] x86/PAT: MTRRs disabled, skipping PAT initialization too.
[    0.000000] CPU MTRRs all blank - virtualized system.
[    0.000000] x86/PAT: Configuration [0-7]: WB  WT  UC- UC  WB  WT  UC- UC  
[    0.000000] found SMP MP-table at [mem 0x0009fff0-0x0009ffff] mapped at [ffff88000009fff0]
[    0.000000] Scanning 1 areas for low memory corruption
[    0.000000] RAMDISK: [mem 0x362dc000-0x37165fff]
[    0.000000] ACPI: Early table checksum verification disabled
[    0.000000] ACPI: RSDP 0x00000000000E0000 000024 (v02 VBOX  )
[    0.000000] ACPI: XSDT 0x000000003FFF0030 00003C (v01 VBOX   VBOXXSDT 00000001 ASL  00000061)
[    0.000000] ACPI: FACP 0x000000003FFF00F0 0000F4 (v04 VBOX   VBOXFACP 00000001 ASL  00000061)
[    0.000000] ACPI: DSDT 0x000000003FFF0470 002325 (v02 VBOX   VBOXBIOS 00000002 INTL 20120111)
[    0.000000] ACPI: FACS 0x000000003FFF0200 000040
[    0.000000] ACPI: FACS 0x000000003FFF0200 000040
[    0.000000] ACPI: APIC 0x000000003FFF0240 000054 (v02 VBOX   VBOXAPIC 00000001 ASL  00000061)
[    0.000000] ACPI: SSDT 0x000000003FFF02A0 0001CC (v01 VBOX   VBOXCPUT 00000002 INTL 20120111)
[    0.000000] No NUMA configuration found
[    0.000000] Faking a node at [mem 0x0000000000000000-0x000000003ffeffff]
[    0.000000] NODE_DATA(0) allocated [mem 0x3ffeb000-0x3ffeffff]
[    0.000000] kvm-clock: Using msrs 4b564d01 and 4b564d00
[    0.000000] kvm-clock: cpu 0, msr 0:3ffe3001, primary cpu clock
[    0.000000] kvm-clock: using sched offset of 3454422190 cycles
[    0.000000] clocksource: kvm-clock: mask: 0xffffffffffffffff max_cycles: 0x1cd42e4dffb, max_idle_ns: 881590591483 ns
[    0.000000] Zone ranges:
[    0.000000]   DMA      [mem 0x0000000000001000-0x0000000000ffffff]
[    0.000000]   DMA32    [mem 0x0000000001000000-0x000000003ffeffff]
[    0.000000]   Normal   empty
[    0.000000]   Device   empty
[    0.000000] Movable zone start for each node
[    0.000000] Early memory node ranges
[    0.000000]   node   0: [mem 0x0000000000001000-0x000000000009efff]
[    0.000000]   node   0: [mem 0x0000000000100000-0x000000003ffeffff]
[    0.000000] Initmem setup node 0 [mem 0x0000000000001000-0x000000003ffeffff]
[    0.000000] ACPI: PM-Timer IO Port: 0x4008
[    0.000000] IOAPIC[0]: apic_id 1, version 32, address 0xfec00000, GSI 0-23
[    0.000000] ACPI: INT_SRC_OVR (bus 0 bus_irq 0 global_irq 2 dfl dfl)
[    0.000000] ACPI: INT_SRC_OVR (bus 0 bus_irq 9 global_irq 9 low level)
[    0.000000] Using ACPI (MADT) for SMP configuration information
[    0.000000] smpboot: Allowing 1 CPUs, 0 hotplug CPUs
[    0.000000] PM: Registered nosave memory: [mem 0x00000000-0x00000fff]
[    0.000000] PM: Registered nosave memory: [mem 0x0009f000-0x0009ffff]
[    0.000000] PM: Registered nosave memory: [mem 0x000a0000-0x000effff]
[    0.000000] PM: Registered nosave memory: [mem 0x000f0000-0x000fffff]
[    0.000000] e820: [mem 0x40000000-0xfebfffff] available for PCI devices
[    0.000000] Booting paravirtualized kernel on KVM
[    0.000000] clocksource: refined-jiffies: mask: 0xffffffff max_cycles: 0xffffffff, max_idle_ns: 7645519600211568 ns
[    0.000000] setup_percpu: NR_CPUS:512 nr_cpumask_bits:512 nr_cpu_ids:1 nr_node_ids:1
[    0.000000] PERCPU: Embedded 33 pages/cpu @ffff88003fc00000 s95192 r8192 d31784 u2097152
[    0.000000] Built 1 zonelists in Node order, mobility grouping on.  Total pages: 257912
[    0.000000] Policy zone: DMA32
[    0.000000] Kernel command line: BOOT_IMAGE=/boot/vmlinuz-4.4.0-210-generic root=LABEL=cloudimg-rootfs ro console=tty1 console=ttyS0
[    0.000000] PID hash table entries: 4096 (order: 3, 32768 bytes)
[    0.000000] Memory: 997924K/1048120K available (8644K kernel code, 1332K rwdata, 4044K rodata, 1492K init, 1164K bss, 50196K reserved, 0K cma-reserved)
[    0.000000] SLUB: HWalign=64, Order=0-3, MinObjects=0, CPUs=1, Nodes=1
[    0.000000] Kernel/User page tables isolation: enabled
[    0.000000] Hierarchical RCU implementation.
[    0.000000] 	Build-time adjustment of leaf fanout to 64.
[    0.000000] 	RCU restricting CPUs from NR_CPUS=512 to nr_cpu_ids=1.
[    0.000000] RCU: Adjusting geometry for rcu_fanout_leaf=64, nr_cpu_ids=1
[    0.000000] NR_IRQS:33024 nr_irqs:256 16
[    0.000000] Console: colour VGA+ 80x25
[    0.000000] console [tty1] enabled
[    0.000000] console [ttyS0] enabled
[    0.000000] tsc: Detected 2304.000 MHz processor
[    0.121253] Calibrating delay loop (skipped) preset value.. 4608.00 BogoMIPS (lpj=9216000)
[    0.122814] pid_max: default: 32768 minimum: 301
[    0.123932] ACPI: Core revision 20150930
[    0.125657] ACPI: 2 ACPI AML tables successfully acquired and loaded
[    0.126861] Security Framework initialized
[    0.127632] Yama: becoming mindful.
[    0.128330] AppArmor: AppArmor initialized
[    0.129158] Dentry cache hash table entries: 131072 (order: 8, 1048576 bytes)
[    0.131249] Inode-cache hash table entries: 65536 (order: 7, 524288 bytes)
[    0.132484] Mount-cache hash table entries: 2048 (order: 2, 16384 bytes)
[    0.133661] Mountpoint-cache hash table entries: 2048 (order: 2, 16384 bytes)
[    0.134967] Initializing cgroup subsys io
[    0.135756] Initializing cgroup subsys memory
[    0.136534] Initializing cgroup subsys devices
[    0.137351] Initializing cgroup subsys freezer
[    0.138142] Initializing cgroup subsys net_cls
[    0.138932] Initializing cgroup subsys perf_event
[    0.139759] Initializing cgroup subsys net_prio
[    0.140562] Initializing cgroup subsys hugetlb
[    0.141375] Initializing cgroup subsys pids
[    0.143210] mce: CPU supports 0 MCE banks
[    0.143954] process: using mwait in idle threads
[    0.144804] Last level iTLB entries: 4KB 64, 2MB 8, 4MB 8
[    0.145793] Last level dTLB entries: 4KB 64, 2MB 0, 4MB 0, 1GB 4
[    0.146806] Spectre V1 : Mitigation: usercopy/swapgs barriers and __user pointer sanitization
[    0.148298] Spectre V2 : Mitigation: Full generic retpoline
[    0.149274] Spectre V2 : Spectre v2 / SpectreRSB mitigation: Filling RSB on context switch
[    0.150732] Speculative Store Bypass: Vulnerable
[    0.151549] SRBDS: Unknown: Dependent on hypervisor status
[    0.152547] MDS: Mitigation: Clear CPU buffers
[    0.170255] Freeing SMP alternatives memory: 36K
[    0.176624] ftrace: allocating 32380 entries in 127 pages
[    0.220473] smpboot: APIC(0) Converting physical 0 to logical package 0
[    0.222671] smpboot: Max logical packages: 1
[    0.223609] x2apic enabled
[    0.224298] Switched APIC routing to physical x2apic.
[    0.225966] ..TIMER: vector=0x30 apic1=0 pin1=2 apic2=-1 pin2=-1
[    0.335080] smpboot: CPU0: Intel(R) Core(TM) i9-9880H CPU @ 2.30GHz (family: 0x6, model: 0x9e, stepping: 0xd)
[    0.337640] Performance Events: unsupported p6 CPU model 158 no PMU driver, software events only.
[    0.347304] KVM setup paravirtual spinlock
[    0.348867] x86: Booted up 1 node, 1 CPUs
[    0.349583] smpboot: Total of 1 processors activated (4608.00 BogoMIPS)
[    0.350820] devtmpfs: initialized
[    0.352748] evm: security.selinux
[    0.353419] evm: security.SMACK64
[    0.354039] evm: security.SMACK64EXEC
[    0.354708] evm: security.SMACK64TRANSMUTE
[    0.355567] evm: security.SMACK64MMAP
[    0.357064] evm: security.ima
[    0.357845] evm: security.capability
[    0.358582] clocksource: jiffies: mask: 0xffffffff max_cycles: 0xffffffff, max_idle_ns: 7645041785100000 ns
[    0.360327] futex hash table entries: 256 (order: 2, 16384 bytes)
[    0.361799] pinctrl core: initialized pinctrl subsystem
[    0.362799] RTC time:  0:08:28, date: 10/18/22
[    0.363683] NET: Registered protocol family 16
[    0.364579] cpuidle: using governor ladder
[    0.365376] cpuidle: using governor menu
[    0.366083] PCCT header not found.
[    0.366749] ACPI: bus type PCI registered
[    0.367543] acpiphp: ACPI Hot Plug PCI Controller Driver version: 0.5
[    0.368681] PCI: Using configuration type 1 for base access
[    0.370299] ACPI: Added _OSI(Module Device)
[    0.371065] ACPI: Added _OSI(Processor Device)
[    0.371845] ACPI: Added _OSI(3.0 _SCP Extensions)
[    0.372662] ACPI: Added _OSI(Processor Aggregator Device)
[    0.374027] ACPI: Executed 1 blocks of module-level executable AML code
[    0.376563] ACPI: Interpreter enabled
[    0.378157] ACPI: (supports S0 S5)
[    0.378866] ACPI: Using IOAPIC for interrupt routing
[    0.379859] PCI: Using host bridge windows from ACPI; if necessary, use "pci=nocrs" and report a bug
[    0.384811] ACPI: PCI Root Bridge [PCI0] (domain 0000 [bus 00-ff])
[    0.385987] acpi PNP0A03:00: _OSC: OS supports [ASPM ClockPM Segments MSI]
[    0.387327] acpi PNP0A03:00: _OSC: not requesting OS control; OS requires [ExtendedConfig ASPM ClockPM MSI]
[    0.389002] acpi PNP0A03:00: fail to add MMCONFIG information, can't access extended PCI configuration space under this bridge.
[    0.391271] PCI host bridge to bus 0000:00
[    0.392010] pci_bus 0000:00: root bus resource [io  0x0000-0x0cf7 window]
[    0.393135] pci_bus 0000:00: root bus resource [io  0x0d00-0xffff window]
[    0.394258] pci_bus 0000:00: root bus resource [mem 0x000a0000-0x000bffff window]
[    0.395809] pci_bus 0000:00: root bus resource [mem 0x40000000-0xfdffffff window]
[    0.397150] pci_bus 0000:00: root bus resource [bus 00-ff]
[    0.399969] pci 0000:00:01.1: legacy IDE quirk: reg 0x10: [io  0x01f0-0x01f7]
[    0.401143] pci 0000:00:01.1: legacy IDE quirk: reg 0x14: [io  0x03f6]
[    0.402224] pci 0000:00:01.1: legacy IDE quirk: reg 0x18: [io  0x0170-0x0177]
[    0.403415] pci 0000:00:01.1: legacy IDE quirk: reg 0x1c: [io  0x0376]
[    0.418630] pci 0000:00:07.0: quirk: [io  0x4000-0x403f] claimed by PIIX4 ACPI
[    0.420812] pci 0000:00:07.0: quirk: [io  0x4100-0x410f] claimed by PIIX4 SMB
[    0.425165] ACPI: PCI Interrupt Link [LNKA] (IRQs 5 9 10 *11)
[    0.427022] ACPI: PCI Interrupt Link [LNKB] (IRQs 5 9 *10 11)
[    0.428281] ACPI: PCI Interrupt Link [LNKC] (IRQs 5 *9 10 11)
[    0.430098] ACPI: PCI Interrupt Link [LNKD] (IRQs 5 9 10 *11)
[    0.431471] ACPI: Enabled 2 GPEs in block 00 to 07
[    0.432486] vgaarb: setting as boot device: PCI:0000:00:02.0
[    0.433433] vgaarb: device added: PCI:0000:00:02.0,decodes=io+mem,owns=io+mem,locks=none
[    0.434892] vgaarb: loaded
[    0.435429] vgaarb: bridge control possible 0000:00:02.0
[    0.436439] SCSI subsystem initialized
[    0.437183] ACPI: bus type USB registered
[    0.437896] usbcore: registered new interface driver usbfs
[    0.438823] usbcore: registered new interface driver hub
[    0.439736] usbcore: registered new device driver usb
[    0.440656] PCI: Using ACPI for IRQ routing
[    0.441615] NetLabel: Initializing
[    0.442233] NetLabel:  domain hash size = 128
[    0.443005] NetLabel:  protocols = UNLABELED CIPSOv4
[    0.443843] NetLabel:  unlabeled traffic allowed by default
[    0.445822] amd_nb: Cannot enumerate AMD northbridges
[    0.447055] clocksource: Switched to clocksource kvm-clock
[    0.455656] AppArmor: AppArmor Filesystem Enabled
[    0.456564] pnp: PnP ACPI init
[    0.458250] pnp: PnP ACPI: found 3 devices
[    0.466229] clocksource: acpi_pm: mask: 0xffffff max_cycles: 0xffffff, max_idle_ns: 2085701024 ns
[    0.468778] NET: Registered protocol family 2
[    0.469671] TCP established hash table entries: 8192 (order: 4, 65536 bytes)
[    0.470869] TCP bind hash table entries: 8192 (order: 5, 131072 bytes)
[    0.472006] TCP: Hash tables configured (established 8192 bind 8192)
[    0.473109] UDP hash table entries: 512 (order: 2, 16384 bytes)
[    0.474188] UDP-Lite hash table entries: 512 (order: 2, 16384 bytes)
[    0.475720] NET: Registered protocol family 1
[    0.476857] pci 0000:00:00.0: Limiting direct PCI/PCI transfers
[    0.478580] pci 0000:00:01.0: Activating ISA DMA hang workarounds
[    0.480881] Unpacking initramfs...
[    0.661908] Freeing initrd memory: 14888K
[    0.663261] clocksource: tsc: mask: 0xffffffffffffffff max_cycles: 0x2135f7c97c8, max_idle_ns: 440795273205 ns
[    0.665284] platform rtc_cmos: registered platform RTC device (no PNP device found)
[    0.666674] Scanning for low memory corruption every 60 seconds
[    0.668086] audit: initializing netlink subsys (disabled)
[    0.669071] audit: type=2000 audit(1666051713.884:1): initialized
[    0.670446] Initialise system trusted keyring
[    0.671319] HugeTLB registered 2 MB page size, pre-allocated 0 pages
[    0.673105] zbud: loaded
[    0.673924] VFS: Disk quotas dquot_6.6.0
[    0.675411] VFS: Dquot-cache hash table entries: 512 (order 0, 4096 bytes)
[    0.676643] squashfs: version 4.0 (2009/01/31) Phillip Lougher
[    0.677759] fuse init (API version 7.23)
[    0.678717] Key type big_key registered
[    0.679865] Allocating IMA MOK and blacklist keyrings.
[    0.681077] Key type asymmetric registered
[    0.681885] Asymmetric key parser 'x509' registered
[    0.682754] Block layer SCSI generic (bsg) driver version 0.4 loaded (major 249)
[    0.684400] io scheduler noop registered
[    0.685216] io scheduler deadline registered (default)
[    0.686564] io scheduler cfq registered
[    0.687337] pci_hotplug: PCI Hot Plug PCI Core version: 0.5
[    0.688274] pciehp: PCI Express Hot Plug Controller Driver version: 0.4
[    0.690124] ACPI: AC Adapter [AC] (off-line)
[    0.691260] input: Power Button as /devices/LNXSYSTM:00/LNXPWRBN:00/input/input0
[    0.693007] ACPI: Power Button [PWRF]
[    0.693890] input: Sleep Button as /devices/LNXSYSTM:00/LNXSLPBN:00/input/input1
[    0.695645] ACPI: Sleep Button [SLPF]
[    0.697990] ACPI: Battery Slot [BAT0] (battery present)
[    0.699560] GHES: HEST is not enabled!
[    0.700526] Serial: 8250/16550 driver, 32 ports, IRQ sharing enabled
[    0.722494] 00:02: ttyS0 at I/O 0x3f8 (irq = 4, base_baud = 115200) is a 16550A
[    0.724924] Linux agpgart interface v0.103
[    0.726779] loop: module loaded
[    0.728020] scsi host0: ata_piix
[    0.729181] scsi host1: ata_piix
[    0.730049] ata1: PATA max UDMA/33 cmd 0x1f0 ctl 0x3f6 bmdma 0xd000 irq 14
[    0.731176] ata2: PATA max UDMA/33 cmd 0x170 ctl 0x376 bmdma 0xd008 irq 15
[    0.732719] libphy: Fixed MDIO Bus: probed
[    0.733678] tun: Universal TUN/TAP device driver, 1.6
[    0.734730] tun: (C) 1999-2004 Max Krasnyansky <maxk@qualcomm.com>
[    0.736386] PPP generic driver version 2.4.2
[    0.737195] ehci_hcd: USB 2.0 'Enhanced' Host Controller (EHCI) Driver
[    0.738772] ehci-pci: EHCI PCI platform driver
[    0.739602] ehci-platform: EHCI generic platform driver
[    0.740598] ohci_hcd: USB 1.1 'Open' Host Controller (OHCI) Driver
[    0.741746] ohci-pci: OHCI PCI platform driver
[    0.742546] ohci-platform: OHCI generic platform driver
[    0.743488] uhci_hcd: USB Universal Host Controller Interface driver
[    0.744598] i8042: PNP: PS/2 Controller [PNP0303:PS2K,PNP0f03:PS2M] at 0x60,0x64 irq 1,12
[    0.746385] serio: i8042 KBD port at 0x60,0x64 irq 1
[    0.747281] serio: i8042 AUX port at 0x60,0x64 irq 12
[    0.748222] mousedev: PS/2 mouse device common for all mice
[    0.749337] input: AT Translated Set 2 keyboard as /devices/platform/i8042/serio0/input/input2
[    0.751148] rtc_cmos rtc_cmos: rtc core: registered rtc_cmos as rtc0
[    0.752257] rtc_cmos rtc_cmos: alarms up to one day, 114 bytes nvram
[    0.753333] i2c /dev entries driver
[    0.754018] device-mapper: uevent: version 1.0.3
[    0.754886] device-mapper: ioctl: 4.34.0-ioctl (2015-10-28) initialised: dm-devel@redhat.com
[    0.756436] ledtrig-cpu: registered to indicate activity on CPUs
[    0.757625] NET: Registered protocol family 10
[    0.758516] NET: Registered protocol family 17
[    0.759345] Key type dns_resolver registered
[    0.760242] registered taskstats version 1
[    0.761002] Loading compiled-in X.509 certificates
[    0.762224] Loaded X.509 cert 'Build time autogenerated kernel key: cf00e047681d67edb2720680708b7d9498083038'
[    0.763984] zswap: loaded using pool lzo/zbud
[    0.765703] Key type trusted registered
[    0.767990] Key type encrypted registered
[    0.768741] AppArmor: AppArmor sha1 policy hashing enabled
[    0.769690] ima: No TPM chip found, activating TPM-bypass!
[    0.770641] ima: Allocated hash algorithm: sha1
[    0.771484] evm: HMAC attrs: 0x1
[    0.772303]   Magic number: 10:438:102
[    0.773040] rtc_cmos rtc_cmos: setting system clock to 2022-10-18 00:08:29 UTC (1666051709)
[    0.774914] BIOS EDD facility v0.16 2004-Jun-25, 0 devices found
[    0.776784] EDD information not available.
[    0.911871] Freeing unused kernel memory: 1492K
[    0.913341] Write protecting the kernel read-only data: 14336k
[    0.914904] Freeing unused kernel memory: 1584K
[    0.916029] Freeing unused kernel memory: 52K
Loading, please wait...
starting version 229
[    0.925815] random: udevadm: uninitialized urandom read (16 bytes read, 3 bits of entropy available)
[    0.928415] random: systemd-udevd: uninitialized urandom read (16 bytes read, 3 bits of entropy available)
[    0.930338] random: systemd-udevd: uninitialized urandom read (16 bytes read, 3 bits of entropy available)
[    0.932194] random: systemd-udevd: uninitialized urandom read (16 bytes read, 3 bits of entropy available)
[    0.933907] random: systemd-udevd: uninitialized urandom read (16 bytes read, 3 bits of entropy available)
[    0.936488] random: udevadm: uninitialized urandom read (16 bytes read, 3 bits of entropy available)
[    0.944287] random: systemd-udevd: uninitialized urandom read (16 bytes read, 3 bits of entropy available)
[    0.947029] random: systemd-udevd: uninitialized urandom read (16 bytes read, 3 bits of entropy available)
[    0.949934] random: systemd-udevd: uninitialized urandom read (16 bytes read, 3 bits of entropy available)
[    0.952870] random: udevadm: uninitialized urandom read (16 bytes read, 3 bits of entropy available)
[    1.028805] e1000: Intel(R) PRO/1000 Network Driver - version 7.3.21-k8-NAPI
[    1.030684] e1000: Copyright (c) 1999-2006 Intel Corporation.
[    1.033282] Fusion MPT base driver 3.04.20
[    1.034026] Copyright (c) 1999-2008 LSI Corporation
[    1.037618] Fusion MPT SPI Host driver 3.04.20
[    1.055097] mptbase: ioc0: Initiating bringup
[    1.060960] AVX2 version of gcm_enc/dec engaged.
[    1.062286] AES CTR mode by8 optimization enabled
[    1.119744] ioc0: LSI53C1030 A0: Capabilities={Initiator}
[    1.244659] input: ImExPS/2 Generic Explorer Mouse as /devices/platform/i8042/serio1/input/input4
[    1.280482] scsi host2: ioc0: LSI53C1030 A0, FwRev=00000000h, Ports=1, MaxQ=256, IRQ=20
[    1.394013] scsi 2:0:0:0: Direct-Access     VBOX     HARDDISK         1.0  PQ: 0 ANSI: 5
[    1.397393] scsi target2:0:0: Beginning Domain Validation
[    1.400295] scsi target2:0:0: Domain Validation skipping write tests
[    1.401921] scsi target2:0:0: Ending Domain Validation
[    1.403304] scsi target2:0:0: asynchronous
[    1.404897] scsi 2:0:1:0: Direct-Access     VBOX     HARDDISK         1.0  PQ: 0 ANSI: 5
[    1.407148] scsi target2:0:1: Beginning Domain Validation
[    1.409308] scsi target2:0:1: Domain Validation skipping write tests
[    1.410938] scsi target2:0:1: Ending Domain Validation
[    1.412345] scsi target2:0:1: asynchronous
[    1.417060] sd 2:0:0:0: Attached scsi generic sg0 type 0
[    1.418520] sd 2:0:0:0: [sda] 83886080 512-byte logical blocks: (42.9 GB/40.0 GiB)
[    1.431376] sd 2:0:1:0: Attached scsi generic sg1 type 0
[    1.432942] sd 2:0:1:0: [sdb] 20480 512-byte logical blocks: (10.5 MB/10.0 MiB)
[    1.434735] sd 2:0:1:0: [sdb] Write Protect is off
[    1.435880] sd 2:0:1:0: [sdb] Incomplete mode parameter data
[    1.437034] sd 2:0:1:0: [sdb] Assuming drive cache: write through
[    1.447789] sd 2:0:0:0: [sda] Write Protect is off
[    1.458320] sd 2:0:0:0: [sda] Incomplete mode parameter data
[    1.459917] sd 2:0:0:0: [sda] Assuming drive cache: write through
[    1.466289] sd 2:0:1:0: [sdb] Attached SCSI disk
[    1.467236]  sda: sda1
[    1.468303] sd 2:0:0:0: [sda] Attached SCSI disk
[    1.784385] e1000 0000:00:03.0 eth0: (PCI:33MHz:32-bit) 02:be:82:6b:cc:1d
[    1.786458] e1000 0000:00:03.0 eth0: Intel(R) PRO/1000 Network Connection
[    1.788735] e1000 0000:00:03.0 enp0s3: renamed from eth0
Begin: Loading essential drivers ... [    2.989420] md: linear personality registered for level -1
[    2.992811] md: multipath personality registered for level -4
[    2.995434] md: raid0 personality registered for level 0
[    2.998651] md: raid1 personality registered for level 1
[    3.073558] raid6: sse2x1   gen() 14304 MB/s
[    3.148101] raid6: sse2x1   xor()  8100 MB/s
[    3.218108] raid6: sse2x2   gen() 17046 MB/s
[    3.294749] raid6: sse2x2   xor() 12719 MB/s
[    3.364787] raid6: sse2x4   gen() 20856 MB/s
[    3.434815] raid6: sse2x4   xor() 13946 MB/s
[    3.503441] raid6: avx2x1   gen() 27444 MB/s
[    3.575052] raid6: avx2x2   gen() 36871 MB/s
[    3.646471] raid6: avx2x4   gen() 41254 MB/s
[    3.648110] raid6: using algorithm avx2x4 gen() 41254 MB/s
[    3.649061] raid6: using avx2x2 recovery algorithm
[    3.651141] xor: automatically using best checksumming function:
[    3.747879]    avx       : 75914.000 MB/sec
[    3.750427] async_tx: api initialized (async)
[    3.759351] md: raid6 personality registered for level 6
[    3.761224] md: raid5 personality registered for level 5
[    3.762717] md: raid4 personality registered for level 4
[    3.767371] md: raid10 personality registered for level 10
done.
Begin: Running /scripts/init-premount ... done.
Begin: Mounting root file system ... Begin: Running /scripts/local-top ... done.
Begin: Running /scripts/local-premount ... [    3.792650] Btrfs loaded
Scanning for Btrfs filesystems
done.
Warning: fsck not present, so skipping root file system
[    3.815153] EXT4-fs (sda1): mounted filesystem with ordered data mode. Opts: (null)
done.
Begin: Running /scripts/local-bottom ... done.
Begin: Running /scripts/init-bottom ... done.
[    3.867282] systemd[1]: systemd 229 running in system mode. (+PAM +AUDIT +SELINUX +IMA +APPARMOR +SMACK +SYSVINIT +UTMP +LIBCRYPTSETUP +GCRYPT +GNUTLS +ACL +XZ -LZ4 +SECCOMP +BLKID +ELFUTILS +KMOD -IDN)
[    3.870457] systemd[1]: Detected virtualization oracle.
[    3.871438] systemd[1]: Detected architecture x86-64.

Welcome to [1mUbuntu 16.04.7 LTS[0m!

[    3.875153] systemd[1]: Set hostname to <ubuntu>.
[    3.878221] systemd[1]: Initializing machine ID from random generator.
[    3.879416] systemd[1]: Installed transient /etc/machine-id file.
[    3.952797] systemd[1]: Reached target User and Group Name Lookups.
[[0;32m  OK  [0m] Reached target User and Group Name Lookups.
[    3.955109] systemd[1]: Started Forward Password Requests to Wall Directory Watch.
[[0;32m  OK  [0m] Started Forward Password Requests to Wall Directory Watch.
[    3.957824] systemd[1]: Reached target Encrypted Volumes.
[[0;32m  OK  [0m] Reached target Encrypted Volumes.
[    3.959828] systemd[1]: Listening on /dev/initctl Compatibility Named Pipe.
[[0;32m  OK  [0m] Listening on /dev/initctl Compatibility Named Pipe.
[    3.962216] systemd[1]: Listening on udev Kernel Socket.
[[0;32m  OK  [0m] Listening on udev Kernel Socket.
[    3.964142] systemd[1]: Reached target Swap.
[[0;32m  OK  [0m] Reached target Swap.
[    3.965905] systemd[1]: Listening on Device-mapper event daemon FIFOs.
[[0;32m  OK  [0m] Listening on Device-mapper event daemon FIFOs.
[    3.968165] systemd[1]: Listening on fsck to fsckd communication Socket.
[[0;32m  OK  [0m] Listening on fsck to fsckd communication Socket.
[    3.970465] systemd[1]: Listening on udev Control Socket.
[[0;32m  OK  [0m] Listening on udev Control Socket.
[    3.972466] systemd[1]: Listening on Journal Socket.
[[0;32m  OK  [0m] Listening on Journal Socket.
[    3.974286] systemd[1]: Listening on Journal Socket (/dev/log).
[[0;32m  OK  [0m] Listening on Journal Socket (/dev/log).
[    3.976394] systemd[1]: Started Trigger resolvconf update for networkd DNS.
[[0;32m  OK  [0m] Started Trigger resolvconf update for networkd DNS.
[    3.983773] systemd[1]: Reached target System Time Synchronized.
[[0;32m  OK  [0m] Reached target System Time Synchronized.
[    3.986926] systemd[1]: Listening on Syslog Socket.
[[0;32m  OK  [0m] Listening on Syslog Socket.
[    3.989745] systemd[1]: Set up automount Arbitrary Executable File Formats File System Automount Point.
[[0;32m  OK  [0m] Set up automount Arbitrary Executab...ats File System Automount Point.
[    3.993561] systemd[1]: Listening on LVM2 poll daemon socket.
[[0;32m  OK  [0m] Listening on LVM2 poll daemon socket.
[    3.996022] systemd[1]: Listening on Journal Audit Socket.
[[0;32m  OK  [0m] Listening on Journal Audit Socket.
[    3.998476] systemd[1]: Created slice User and Session Slice.
[[0;32m  OK  [0m] Created slice User and Session Slice.
[    4.007996] systemd[1]: Created slice System Slice.
[[0;32m  OK  [0m] Created slice System Slice.
[    4.011043] systemd[1]: Mounting POSIX Message Queue File System...
         Mounting POSIX Message Queue File System...
[    4.013840] systemd[1]: Starting Uncomplicated firewall...
         Starting Uncomplicated firewall...
[    4.018510] systemd[1]: Starting Create list of required static device nodes for the current kernel...
         Starting Create list of required st... nodes for the current kernel...
[    4.024820] systemd[1]: Starting Nameserver information manager...
         Starting Nameserver information manager...
[    4.028458] systemd[1]: Starting File System Check on Root Device...
         Starting File System Check on Root Device...
[    4.034201] systemd[1]: Created slice system-serial\x2dgetty.slice.
[[0;32m  OK  [0m] Created slice system-serial\x2dgetty.slice.
[    4.039827] systemd[1]: Starting Set console keymap...
         Starting Set console keymap...
[    4.041835] systemd[1]: Reached target Slices.
[[0;32m  OK  [0m] Reached target Slices.
[    4.060892] systemd[1]: Starting Load Kernel Modules...
         Starting Load Kernel Modules...
[    4.066494] systemd[1]: Mounting Debug File System...
[    4.070320] Loading iSCSI transport class v2.0-870.
         Mounting Debug File System...
[    4.072188] systemd[1]: Listening on LVM2 metadata daemon socket.
[[0;32m  OK  [0m] Listening on LVM2 metadata daemon socket.
[    4.075297] systemd[1]: Starting Monitoring of LVM2 mirrors, snapshots etc. using dmeventd or progress polling...
         Starting Monitoring of LVM2 mirrors... dmeventd or progress polling...
[    4.082498] iscsi: registered transport (tcp)
[    4.084205] systemd[1]: Starting Journal Service...
         Starting Journal Service...
[    4.089092] systemd[1]: Mounting Huge Pages File System...
         Mounting Huge Pages File System...
[    4.095761] systemd[1]: Mounted Huge Pages File System.
[[0;32m  OK  [0m] Mounted Huge Pages File System.
[    4.098249] systemd[1]: Mounted POSIX Message Queue File System.
[[0;32m  OK  [0m] Mounted POSIX Message Queue File System.
[    4.105077] systemd[1]: Mounted Debug File System.
[[0;32m  OK  [0m] Mounted Debug File System.
[    4.108543] systemd[1]: Started Uncomplicated firewall.
[[0;32m  OK  [0m] Started Uncomplicated firewall.
[    4.114369] systemd[1]: Started Create list of required static device nodes for the current kernel.
[[0;32m  OK  [0m] Started Create list of required sta...ce nodes for the current kernel.
[    4.120011] systemd[1]: Started File System Check on Root Device.
[[0;32m  OK  [0m] Started File System Check on Root Device.
[    4.127311] systemd[1]: Started Set console keymap.
[[0;32m  OK  [0m] Started Set console keymap.
[    4.131406] systemd[1]: Started Nameserver information manager.
[[0;32m  OK  [0m] Started Nameserver information manager.
[    4.137141] systemd[1]: Started Journal Service.
[[0;32m  OK  [0m] Started Journal Service.
[[0;32m  OK  [0m] Started LVM2 metadata daemon.
[[0;32m  OK  [0m] Started File System Check Daemon to report status.
         Starting Remount Root and Kernel File Systems...
         Starting Create Static Device Nodes in /dev...
[    4.162086] EXT4-fs (sda1): re-mounted. Opts: (null)
[    4.165981] iscsi: registered transport (iser)
[[0;32m  OK  [0m] Started Remount Root and Kernel File Systems.
         Starting Load/Save Random Seed...
         Starting udev Coldplug all Devices...
         Starting Flush Journal to Persistent Storage...
[[0;32m  OK  [0m] Started Create Static Device Nodes in /dev.
[[0;32m  OK  [0m] Started Load Kernel Modules.
[[0;32m  OK  [0m] Started Load/Save Random Seed.
[    4.204366] systemd-journald[406]: Received request to flush runtime journal from PID 1
         Mounting FUSE Control File System...
         Starting Apply Kernel Variables...
         Starting udev Kernel Device Manager...
[[0;32m  OK  [0m] Mounted FUSE Control File System.
[[0;32m  OK  [0m] Started Flush Journal to Persistent Storage.
[[0;32m  OK  [0m] Started Apply Kernel Variables.
[[0;32m  OK  [0m] Started udev Kernel Device Manager.
[[0;32m  OK  [0m] Started udev Coldplug all Devices.
[[0;32m  OK  [0m] Started Dispatch Password Requests to Console Directory Watch.
[[0;32m  OK  [0m] Found device /dev/ttyS0.
[[0;32m  OK  [0m] Listening on Load/Save RF Kill Switch Status /dev/rfkill Watch.
[[0;32m  OK  [0m] Started Monitoring of LVM2 mirrors,...ng dmeventd or progress polling.
[[0;32m  OK  [0m] Reached target Local File Systems (Pre).
[[0;32m  OK  [0m] Reached target Local File Systems.
         Starting LSB: AppArmor initialization...
         Starting Set console font and keymap...
         Starting Initial cloud-init job (pre-networking)...
         Starting Commit a transient machine-id on disk...
         Starting Create Volatile Files and Directories...
         Starting Tell Plymouth To Write Out Runtime Data...
[[0;32m  OK  [0m] Started Commit a transient machine-id on disk.
[[0;32m  OK  [0m] Started Create Volatile Files and Directories.
         Starting Update UTMP about System Boot/Shutdown...
[[0;32m  OK  [0m] Started Tell Plymouth To Write Out Runtime Data.
[[0;32m  OK  [0m] Started Update UTMP about System Boot/Shutdown.
[[0;32m  OK  [0m] Started Set console font and keymap.
[[0;32m  OK  [0m] Created slice system-getty.slice.
[    5.607249] cloud-init[611]: Cloud-init v. 21.1-19-gbad84ad4-0ubuntu1~16.04.2 running 'init-local' at Tue, 18 Oct 2022 00:08:34 +0000. Up 5.29 seconds.
[[0;32m  OK  [0m] Started Initial cloud-init job (pre-networking).
[[0;32m  OK  [0m] Reached target Network (Pre).
[[0;32m  OK  [0m] Started LSB: AppArmor initialization.
         Starting Raise network interfaces...
         Starting Load AppArmor profiles managed internally by snapd...
[[0;32m  OK  [0m] Started Load AppArmor profiles managed internally by snapd.
[[0;32m  OK  [0m] Started Raise network interfaces.
[[0;32m  OK  [0m] Reached target Network.
         Starting Initial cloud-init job (metadata service crawler)...
[    6.343028] cloud-init[958]: Cloud-init v. 21.1-19-gbad84ad4-0ubuntu1~16.04.2 running 'init' at Tue, 18 Oct 2022 00:08:34 +0000. Up 6.05 seconds.
[    6.352301] cloud-init[958]: ci-info: ++++++++++++++++++++++++++++++++++++++Net device info++++++++++++++++++++++++++++++++++++++
[    6.360244] cloud-init[958]: ci-info: +--------+------+----------------------------+---------------+--------+-------------------+
[    6.368453] cloud-init[958]: ci-info: | Device |  Up  |          Address           |      Mask     | Scope  |     Hw-Address    |
[    6.371532] cloud-init[958]: ci-info: +--------+------+----------------------------+---------------+--------+-------------------+
[    6.372855] cloud-init[958]: ci-info: | enp0s3 | True |         10.0.2.15          | 255.255.255.0 | global | 02:be:82:6b:cc:1d |
[[0;32m  OK  [0m] Started Initial cloud-init job (metadata service crawler).
[    6.378566] cloud-init[958]: ci-info: | enp0s3 | True | fe80::be:82ff:fe6b:cc1d/64 |       .       |  link  | 02:be:82:6b:cc:1d |[[0;32m  OK  [0m] Reached target Network is Online.
         Starting iSCSI initiator daemon (iscsid)...
[[0;32m  OK  [0m] Reached target Cloud-config availability.
[[0;32m  OK  [0m] Reached target System Initialization.
[    6.384386] cloud-init[958]: ci-info: |   lo   | True |         127.0.0.1          |   255.0.0.0   |  host  |         .         |
[    6.385978] cloud-init[958]: ci-info: |   lo   | True |          ::1/128           |       .       |  host  |         .         |
[    6.387583] cloud-init[958]: ci-info: +--------+------+----------------------------+---------------+--------+-------------------+

[[0;32m  OK  [0m] Started ACPI Events Check.
[[0;32m  OK  [0m] Reached target Paths.
         Starting LXD - unix socket.
         Starting Socket activation for snappy daemon.
[[0;32m  OK  [0m] Listening on D-Bus System Message Bus Socket.
[[0;32m  OK  [0m] Started Ubuntu Advantage update messaging.
[[0;32m  OK  [0m] Started Daily Cleanup of Temporary Directories.[    6.389914] cloud-init[958]: ci-info: +++++++++++++++++++++++++++Route IPv4 info++++++++++++++++++++++++++++
[    6.399065] cloud-init[958]: ci-info: +-------+-------------+----------+---------------+-----------+-------+
[[0;32m  OK  [0m] Started Message of the Day.
[[0;32m  OK  [0m] Started Daily apt download activities.
[[0;32m  OK  [0m] Started Daily apt upgrade and clean activities.
[[0;32m  OK  [0m] 
[    6.404821] cloud-init[958]: ci-info: | Route | Destination | Gateway  |    Genmask    | Interface | Flags |
[    6.406207] cloud-init[958]: ci-info: +-------+-------------+----------+---------------+-----------+-------+
[    6.407543] cloud-init[958]: ci-info: |   0   |   0.0.0.0   | 10.0.2.2 |    0.0.0.0    |   enp0s3  |   UG  |Reached target Timers.
[[0;32m  OK  [0m] Listening on UUID daemon activation socket.
[[0;32m  OK  [0m] Listening on ACPID Listen Socket.
[[0;32m  OK  [0m] Listening on LXD - unix socket.
[    6.412311] cloud-init[958]: ci-info: |   1   |   10.0.2.0  | 0.0.0.0  | 255.255.255.0 |   enp0s3  |   U   |
[    6.413612] cloud-init[958]: ci-info: +-------+-------------+----------+---------------+-----------+-------+
[    6.414910] cloud-init[958]: ci-info: +++++++++++++++++++Route IPv6 info+++++++++++++++++++

[[0;32m  OK  [0m] Listening on Socket activation for snappy daemon.
[[0;32m  OK  [0m] Reached target Sockets.
[[0;32m  OK  [0m] Reached target Basic System.
         Starting /etc/rc.local Compatibility...
         Starting LSB: MD monitoring daemon...[    6.420519] cloud-init[958]: ci-info: +-------+-------------+---------+-----------+-------+
[    6.421693] cloud-init[958]: ci-info: | Route | Destination | Gateway | Interface | Flags |
[    6.422819] cloud-init[958]: ci-info: +-------+-------------+---------+-----------+-------+
[    6.423945] 
         Starting Pollinate to seed the pseudo random number generator...
[[0;32m  OK  [0m] Started ACPI event daemon.
         Starting Virtualbox guest utils...
         Starting Snap Daemon...
[[0;32m  OK  [0m] Started FUSE filesystem for LXC.
         Starting System Logging Service...
[[0;32m  OK  [0m] Started D-Bus System Message Bus.
cloud-init[958]: ci-info: |   0   |  fe80::/64  |    ::   |   enp0s3  |   U   |
[    6.469742] cloud-init[958]: ci-info: |   3   |   ff00::/8  |    ::   |   enp0s3  |   U   |
[    6.471659]          Starting LSB: Record successful boot for GRUB...
[[0;32m  OK  [0m] Started Regular background program processing daemon.
         Starting LXD - container startup/shutdown...
[[0;32m  OK  [0m] Started Deferred execution scheduler.
         Starting Accounts Service...
         Starting Login Service...
[[0;32m  OK  [0m] Started System Logging Service.
[[0;32m  OK  [0m] Started iSCSI initiator daemon (iscsid).
[[0;32m  OK  [0m] Started /etc/rc.local Compatibility.
         Starting Login to default iSCSI targets...
[[0;32m  OK  [0m] Started Login Service.
[[0;32m  OK  [0m] Started Unattended Upgrades Shutdown.
cloud-init[958]: ci-info: +-------+-------------+---------+-----------+-------+
[[0;32m  OK  [0m] Started Login to default iSCSI targets.
[    6.555524] cloud-init[[0;32m  OK  [0m] Started LSB: MD monitoring daemon.
[[0;32m  OK  [0m] Reached target Remote File Systems (Pre).
[[0;32m  OK  [0m] Reached target Remote File Systems.
         Starting Permit User Sessions...
         Starting LSB: automatic crash report generation...
         Starting LSB: daemon to balance interrupts for SMP systems...
         [958]: Generating public/private rsa key pair.Starting LSB: Set the CPU Frequency Scaling governor to "ondemand"...

[[0;32m  OK  [0m] Started Permit User Sessions.
         Starting Terminate Plymouth Boot Screen...
         Starting Hold until boot process finishes up...
[[0;32m  OK  [0m] Started Hold until boot process finishes up.
[[0;32m  OK  [0m] Started Serial Getty on ttyS0.
[[0;32m  OK  [0m] Started Getty on tty1.
[[0;32m  OK  [0m] Reached target Login Prompts.
         Starting Set console scheme...
[[0;32m  OK  [0m] Started Terminate Plymouth Boot Screen.
[[0;32m  OK  [0m] Started Set console scheme.
[[0;32m  OK  [0m] Started LSB: Set the CPU Frequency Scaling governor to "ondemand".
[    6.619111] cloud-init[958]: Your identification has been saved in /etc/ssh/ssh_host_rsa_key.
[    6.622225] cloud-init[958]: Your public key has been saved in /etc/ssh/ssh_host_rsa_key.pub.
[[0;32m  OK  [0m] Started LSB: Record successful boot for GRUB.
         Starting Authenticate and Authorize Users to Run Privileged Tasks...
[    6.644469] cloud-init[958]: The key fingerprint is:
[    6.646479] cloud-init[958]: SHA256:G9jcflqq6b6fjsA/mBtvjkNqU57KSeHjlxZGLc3qyy0 root@ubuntu-xenial
[[0;32m  OK  [0m] Started LSB: automatic crash report generation.
[[0;32m  OK  [0m] Started Authenticate and Authorize Users to Run Privileged Tasks.
[[0;32m  OK  [0m] Started Accounts Service.
[[0;32m  OK  [0m] Started LSB: daemon to balance interrupts for SMP systems.
[    6.677814] cloud-init[958]: The key's randomart image is:
[    6.687402] cloud-init[958]: +---[RSA 2048]----+
[    6.690790] cloud-init[958]: |                 |
[    6.698512] cloud-init[958]: |                 |
[[0;32m  OK  [0m] Started LXD - container startup/shutdown.
[    6.707331] cloud-init[958]: |       +         |
[    6.716427] cloud-init[958]: |      o++.       |
[    6.717173] cloud-init[958]: |    ...oS .      |
[    6.718205] cloud-init[958]: |   . o*  +       |
[    6.719771] cloud-init[958]: |    +B+*. . o    |
[    6.720576] cloud-init[958]: |   +++EBoo *     |
[    6.721602] cloud-init[958]: |   .===X%**      |
[    6.724351] cloud-init[958]: +----[SHA256]-----+
[[0;32m  OK  [0m] Started Virtualbox guest utils.
[    6.734180] cloud-init[958]: Generating public/private dsa key pair.
[    6.740843] cloud-init[958]: Your identification has been saved in /etc/ssh/ssh_host_dsa_key.
[    6.750372] cloud-init[958]: Your public key has been saved in /etc/ssh/ssh_host_dsa_key.pub.
[    6.758009] cloud-init[958]: The key fingerprint is:
[    6.764121] cloud-init[958]: SHA256:v8HlhMG0qviDfhRxTJxN9UB7e/ObDUWyxLAar1O6dqQ root@ubuntu-xenial
[    6.769163] cloud-init[958]: The key's randomart image is:
[    6.771355] cloud-init[958]: +---[DSA 1024]----+
[    6.772396] cloud-init[958]: |       +.+oo=    |
[    6.773946] cloud-init[958]: |      . =o.. B   |
[    6.774644] cloud-init[958]: |       o  = o * .|
[    6.775607] cloud-init[958]: |      .  . * o = |
[    6.780275] cloud-init[958]: |       .S o = o.o|
[    6.781722] cloud-init[958]: |     ... o B.  oo|
[    6.790022] cloud-init[958]: |    .o.   Bo. . .|
[    6.796487] cloud-init[958]: |    ..o   E=.  .+|
[    6.798113] cloud-init[958]: |   ..... .o.   o.|
[    6.800230] cloud-init[958]: +----[SHA256]-----+
[    6.802597] cloud-init[958]: Generating public/private ecdsa key pair.
[    6.804179] cloud-init[958]: Your identification has been saved in /etc/ssh/ssh_host_ecdsa_key.
[    6.813426] cloud-init[958]: Your public key has been saved in /etc/ssh/ssh_host_ecdsa_key.pub.
[    6.814959] cloud-init[958]: The key fingerprint is:
[    6.815982] cloud-init[958]: SHA256:JVTRupk4+M1xjSyhPnmb3TkdQ/j1HbN4oYYUkwxeh4Q root@ubuntu-xenial
[[0;32m  OK  [0m] Started Snap Daemon.
         Starting Wait until snapd is fully seeded...
[    6.818660] cloud-init[958]: The key's randomart image is:
[    6.836374] cloud-init[958]: +---[ECDSA 256]---+
[    6.844198] cloud-init[958]: |        .oB=o.   |
[    6.845063] cloud-init[958]: |       ..E.*o    |
[    6.845940] cloud-init[958]: |        ....o .  |
[    6.846701] cloud-init[958]: |         oo. . =.|
[    6.848658] cloud-init[958]: |       .So.*.o= O|
[    6.857456] cloud-init[958]: |      . + *.++.*o|
[    6.860042] cloud-init[958]: |       o = +. ..o|
[    6.860878] cloud-init[958]: |        = +o ....|
[    6.868352] cloud-init[958]: |         oo.. o. |
[    6.869404] cloud-init[958]: +----[SHA256]-----+
[    6.870405] cloud-init[958]: Generating public/private ed25519 key pair.
[    6.872104] cloud-init[958]: Your identification has been saved in /etc/ssh/ssh_host_ed25519_key.
[    6.876021] cloud-init[958]: Your public key has been saved in /etc/ssh/ssh_host_ed25519_key.pub.
[    6.880302] cloud-init[958]: The key fingerprint is:
[    6.882962] cloud-init[958]: SHA256:09ClKmhqSL7IzgsbjT9DV846ljSXz9odUwFwOaCZDQc root@ubuntu-xenial
[    6.890990] cloud-init[958]: The key's randomart image is:
[    6.893403] cloud-init[958]: +--[ED25519 256]--+
[    6.895684] cloud-init[958]: |      E.+oo..    |
[    6.897983] cloud-init[958]: |       B oo+     |
[    6.900224] cloud-init[958]: |      + o o..    |
[    6.902978] cloud-init[958]: |     ..  +   .   |
[    6.905151] cloud-init[958]: | .  o+..S . .    |
[    6.906821] cloud-init[958]: |o+.o+ =. . .     |
[    6.908884] cloud-init[958]: |=o+o = o  o      |
[    6.910713] cloud-init[958]: |==+ =  .o. o     |
[    6.913680] cloud-init[958]: |+*o+ .... .      |
[    6.915780] cloud-init[958]: +----[SHA256]-----+
[[0;32m  OK  [0m] Started Pollinate to seed the pseudo random number generator.
         Starting OpenBSD Secure Shell server...
[[0;32m  OK  [0m] Started OpenBSD Secure Shell server.
[[0;32m  OK  [0m] Started Wait until snapd is fully seeded.
[[0;32m  OK  [0m] Reached target Multi-User System.
[[0;32m  OK  [0m] Reached target Graphical Interface.
         Starting Update UTMP about System Runlevel Changes...
         Starting Apply the settings specified in cloud-config...
[[0;32m  OK  [0m] Started Update UTMP about System Runlevel Changes.
[   10.643160] cloud-init[1313]: Generating locales (this might take a while)...
[   11.162202] cloud-init[1313]:   en_US.UTF-8... done
[   11.163598] cloud-init[1313]: Generation complete.
[   11.336348] cloud-init[1313]: Cloud-init v. 21.1-19-gbad84ad4-0ubuntu1~16.04.2 running 'modules:config' at Tue, 18 Oct 2022 00:08:39 +0000. Up 10.57 seconds.
[[0;32m  OK  [0m] Started Apply the settings specified in cloud-config.
         Starting Execute cloud user/final scripts...
ci-info: no authorized SSH keys fingerprints found for user ubuntu.
<14>Oct 18 00:08:40 ec2: 
<14>Oct 18 00:08:40 ec2: #############################################################
<14>Oct 18 00:08:40 ec2: -----BEGIN SSH HOST KEY FINGERPRINTS-----
<14>Oct 18 00:08:40 ec2: 1024 SHA256:v8HlhMG0qviDfhRxTJxN9UB7e/ObDUWyxLAar1O6dqQ root@ubuntu-xenial (DSA)
<14>Oct 18 00:08:40 ec2: 256 SHA256:JVTRupk4+M1xjSyhPnmb3TkdQ/j1HbN4oYYUkwxeh4Q root@ubuntu-xenial (ECDSA)
<14>Oct 18 00:08:40 ec2: 256 SHA256:09ClKmhqSL7IzgsbjT9DV846ljSXz9odUwFwOaCZDQc root@ubuntu-xenial (ED25519)
<14>Oct 18 00:08:40 ec2: 2048 SHA256:G9jcflqq6b6fjsA/mBtvjkNqU57KSeHjlxZGLc3qyy0 root@ubuntu-xenial (RSA)
<14>Oct 18 00:08:40 ec2: -----END SSH HOST KEY FINGERPRINTS-----
<14>Oct 18 00:08:40 ec2: #############################################################
-----BEGIN SSH HOST KEY KEYS-----
ecdsa-sha2-nistp256 AAAAE2VjZHNhLXNoYTItbmlzdHAyNTYAAAAIbmlzdHAyNTYAAABBBEOnD3Sr/vlEO1WuQrUQHBUVOfgt+xzR3kGixJiYVHPbMzMUPQIIY5qoxqyams+lKIga/Oi7i3uY6UjjFcxAJx4= root@ubuntu-xenial
ssh-ed25519 AAAAC3NzaC1lZDI1NTE5AAAAIGQpBIHkwcb6iafO7AsdPqXabtUi7y9n/XLCU/e8n5y4 root@ubuntu-xenial
ssh-rsa AAAAB3NzaC1yc2EAAAADAQABAAABAQDLtfU0VABLYU424M4HmtjDTxQQM1ak3Pu9iML67xwrw4mnzWlWd6kdCVJpWc1aLfKM4GMYG1hsRQIs8n/LeOAcO2h6KH2FVSWBzSU/BGxwEKp+OwzorRaOimTbZYcPgvlPHOvNVe6219zbeq5D9DkGSWaODLg7AjzE6PgqqOkGQ4i7Z19OlFAGZ+N5n9o3h6tBXK4mPv8bSXjq9rfjvUWx/xSKVWwPLYbcfOk6hXZJ3+4/HVyIZAl8SJzp50A+OOLlrytjBfdY+5Ld9jfZrzUOFlxon3G8+N0rQTDhK8K1VqJq8wpl8UXj+5Ux4OlOQe0BK4sVzbJjQeTFUd33IiFb root@ubuntu-xenial
-----END SSH HOST KEY KEYS-----
[   11.642799] cloud-init[1356]: Cloud-init v. 21.1-19-gbad84ad4-0ubuntu1~16.04.2 running 'modules:final' at Tue, 18 Oct 2022 00:08:40 +0000. Up 11.53 seconds.
[   11.644379] cloud-init[1356]: ci-info: no authorized SSH keys fingerprints found for user ubuntu.
[   11.645339] cloud-init[1356]: Cloud-init v. 21.1-19-gbad84ad4-0ubuntu1~16.04.2 finished at Tue, 18 Oct 2022 00:08:40 +0000. Datasource DataSourceNoCloud [seed=/dev/sdb][dsmode=net].  Up 11.63 seconds

Ubuntu 16.04.7 LTS ubuntu-xenial ttyS0

ubuntu-xenial login: 